INFO - 2023-05-06 03:22:16 --> Session: Class initialized using 'CodeIgniter\Session\Handlers\FileHandler' driver.
INFO - 2023-05-06 03:22:25 --> Session: Class initialized using 'CodeIgniter\Session\Handlers\FileHandler' driver.
INFO - 2023-05-06 03:22:26 --> Session: Class initialized using 'CodeIgniter\Session\Handlers\FileHandler' driver.
INFO - 2023-05-06 03:23:12 --> Session: Class initialized using 'CodeIgniter\Session\Handlers\FileHandler' driver.
INFO - 2023-05-06 03:23:12 --> Session: Class initialized using 'CodeIgniter\Session\Handlers\FileHandler' driver.
INFO - 2023-05-06 03:23:17 --> Session: Class initialized using 'CodeIgniter\Session\Handlers\FileHandler' driver.
INFO - 2023-05-06 03:23:22 --> Session: Class initialized using 'CodeIgniter\Session\Handlers\FileHandler' driver.
INFO - 2023-05-06 03:23:22 --> Session: Class initialized using 'CodeIgniter\Session\Handlers\FileHandler' driver.
INFO - 2023-05-06 03:23:44 --> Session: Class initialized using 'CodeIgniter\Session\Handlers\FileHandler' driver.
ERROR - 2023-05-06 03:23:44 --> mysqli_sql_exception: Column 'idtrans' cannot be null in C:\xampp\htdocs\E-Commerce-Ci4\vendor\codeigniter4\framework\system\Database\MySQLi\Connection.php:295
Stack trace:
#0 C:\xampp\htdocs\E-Commerce-Ci4\vendor\codeigniter4\framework\system\Database\MySQLi\Connection.php(295): mysqli->query('INSERT INTO `de...', 0)
#1 C:\xampp\htdocs\E-Commerce-Ci4\vendor\codeigniter4\framework\system\Database\BaseConnection.php(691): CodeIgniter\Database\MySQLi\Connection->execute('INSERT INTO `de...')
#2 C:\xampp\htdocs\E-Commerce-Ci4\vendor\codeigniter4\framework\system\Database\BaseConnection.php(605): CodeIgniter\Database\BaseConnection->simpleQuery('INSERT INTO `de...')
#3 C:\xampp\htdocs\E-Commerce-Ci4\vendor\codeigniter4\framework\system\Database\BaseBuilder.php(1801): CodeIgniter\Database\BaseConnection->query('INSERT INTO `de...', NULL, false)
#4 C:\xampp\htdocs\E-Commerce-Ci4\vendor\codeigniter4\framework\system\Database\BaseBuilder.php(2192): CodeIgniter\Database\BaseBuilder->batchExecute('_insertBatch', 100)
#5 C:\xampp\htdocs\E-Commerce-Ci4\app\Models\Jual.php(22): CodeIgniter\Database\BaseBuilder->insertBatch(Array)
#6 C:\xampp\htdocs\E-Commerce-Ci4\app\Controllers\C_Transaksi.php(159): App\Models\Jual->insert_data_jual(Array)
#7 C:\xampp\htdocs\E-Commerce-Ci4\vendor\codeigniter4\framework\system\CodeIgniter.php(934): App\Controllers\C_Transaksi->checkout()
#8 C:\xampp\htdocs\E-Commerce-Ci4\vendor\codeigniter4\framework\system\CodeIgniter.php(499): CodeIgniter\CodeIgniter->runController(Object(App\Controllers\C_Transaksi))
#9 C:\xampp\htdocs\E-Commerce-Ci4\vendor\codeigniter4\framework\system\CodeIgniter.php(368): CodeIgniter\CodeIgniter->handleRequest(NULL, Object(Config\Cache), false)
#10 C:\xampp\htdocs\E-Commerce-Ci4\public\index.php(67): CodeIgniter\CodeIgniter->run()
#11 C:\xampp\htdocs\E-Commerce-Ci4\vendor\codeigniter4\framework\system\Commands\Server\rewrite.php(47): require_once('C:\\xampp\\htdocs...')
#12 {main}
CRITICAL - 2023-05-06 03:23:44 --> Column 'idtrans' cannot be null
in SYSTEMPATH\Database\BaseConnection.php on line 645.
 1 SYSTEMPATH\Database\BaseBuilder.php(1801): CodeIgniter\Database\BaseConnection->query('INSERT INTO `detailjual` (`hargajual`, `idkemeja`, `idtrans`, `jmljual`)
VALUES (\'200000\',32,NULL,\'2\')', null, false)
 2 SYSTEMPATH\Database\BaseBuilder.php(2192): CodeIgniter\Database\BaseBuilder->batchExecute('_insertBatch', 100)
 3 APPPATH\Models\Jual.php(22): CodeIgniter\Database\BaseBuilder->insertBatch([...])
 4 APPPATH\Controllers\C_Transaksi.php(159): App\Models\Jual->insert_data_jual([...])
 5 SYSTEMPATH\CodeIgniter.php(934): App\Controllers\C_Transaksi->checkout()
 6 SYSTEMPATH\CodeIgniter.php(499): CodeIgniter\CodeIgniter->runController(Object(App\Controllers\C_Transaksi))
 7 SYSTEMPATH\CodeIgniter.php(368): CodeIgniter\CodeIgniter->handleRequest(null, Object(Config\Cache), false)
 8 FCPATH\index.php(67): CodeIgniter\CodeIgniter->run()
 9 SYSTEMPATH\Commands\Server\rewrite.php(47): require_once('FCPATH\\index.php')
INFO - 2023-05-06 03:24:57 --> Session: Class initialized using 'CodeIgniter\Session\Handlers\FileHandler' driver.
INFO - 2023-05-06 03:24:57 --> Session: Class initialized using 'CodeIgniter\Session\Handlers\FileHandler' driver.
ERROR - 2023-05-06 03:24:57 --> mysqli_sql_exception: Column 'nama' cannot be null in C:\xampp\htdocs\E-Commerce-Ci4\vendor\codeigniter4\framework\system\Database\MySQLi\Connection.php:295
Stack trace:
#0 C:\xampp\htdocs\E-Commerce-Ci4\vendor\codeigniter4\framework\system\Database\MySQLi\Connection.php(295): mysqli->query('INSERT INTO `tr...', 0)
#1 C:\xampp\htdocs\E-Commerce-Ci4\vendor\codeigniter4\framework\system\Database\BaseConnection.php(691): CodeIgniter\Database\MySQLi\Connection->execute('INSERT INTO `tr...')
#2 C:\xampp\htdocs\E-Commerce-Ci4\vendor\codeigniter4\framework\system\Database\BaseConnection.php(605): CodeIgniter\Database\BaseConnection->simpleQuery('INSERT INTO `tr...')
#3 C:\xampp\htdocs\E-Commerce-Ci4\vendor\codeigniter4\framework\system\Database\BaseBuilder.php(2309): CodeIgniter\Database\BaseConnection->query('INSERT INTO `tr...', Array, false)
#4 C:\xampp\htdocs\E-Commerce-Ci4\vendor\codeigniter4\framework\system\Model.php(330): CodeIgniter\Database\BaseBuilder->insert()
#5 C:\xampp\htdocs\E-Commerce-Ci4\vendor\codeigniter4\framework\system\BaseModel.php(782): CodeIgniter\Model->doInsert(Array)
#6 C:\xampp\htdocs\E-Commerce-Ci4\vendor\codeigniter4\framework\system\Model.php(730): CodeIgniter\BaseModel->insert(Array, true)
#7 C:\xampp\htdocs\E-Commerce-Ci4\app\Controllers\C_Transaksi.php(124): CodeIgniter\Model->insert(Array)
#8 C:\xampp\htdocs\E-Commerce-Ci4\vendor\codeigniter4\framework\system\CodeIgniter.php(934): App\Controllers\C_Transaksi->checkout()
#9 C:\xampp\htdocs\E-Commerce-Ci4\vendor\codeigniter4\framework\system\CodeIgniter.php(499): CodeIgniter\CodeIgniter->runController(Object(App\Controllers\C_Transaksi))
#10 C:\xampp\htdocs\E-Commerce-Ci4\vendor\codeigniter4\framework\system\CodeIgniter.php(368): CodeIgniter\CodeIgniter->handleRequest(NULL, Object(Config\Cache), false)
#11 C:\xampp\htdocs\E-Commerce-Ci4\public\index.php(67): CodeIgniter\CodeIgniter->run()
#12 C:\xampp\htdocs\E-Commerce-Ci4\vendor\codeigniter4\framework\system\Commands\Server\rewrite.php(47): require_once('C:\\xampp\\htdocs...')
#13 {main}
CRITICAL - 2023-05-06 03:24:57 --> Column 'nama' cannot be null
in SYSTEMPATH\Database\BaseConnection.php on line 645.
 1 SYSTEMPATH\Database\BaseBuilder.php(2309): CodeIgniter\Database\BaseConnection->query('INSERT INTO `transaksipjl` (`nama`, `hp`, `alamat`, `kota`, `kecamatan`, `total`) VALUES (:nama:, :hp:, :alamat:, :kota:, :kecamatan:, :total:)', [...], false)
 2 SYSTEMPATH\Model.php(330): CodeIgniter\Database\BaseBuilder->insert()
 3 SYSTEMPATH\BaseModel.php(782): CodeIgniter\Model->doInsert([...])
 4 SYSTEMPATH\Model.php(730): CodeIgniter\BaseModel->insert([...], true)
 5 APPPATH\Controllers\C_Transaksi.php(124): CodeIgniter\Model->insert([...])
 6 SYSTEMPATH\CodeIgniter.php(934): App\Controllers\C_Transaksi->checkout()
 7 SYSTEMPATH\CodeIgniter.php(499): CodeIgniter\CodeIgniter->runController(Object(App\Controllers\C_Transaksi))
 8 SYSTEMPATH\CodeIgniter.php(368): CodeIgniter\CodeIgniter->handleRequest(null, Object(Config\Cache), false)
 9 FCPATH\index.php(67): CodeIgniter\CodeIgniter->run()
10 SYSTEMPATH\Commands\Server\rewrite.php(47): require_once('FCPATH\\index.php')
INFO - 2023-05-06 03:25:08 --> Session: Class initialized using 'CodeIgniter\Session\Handlers\FileHandler' driver.
ERROR - 2023-05-06 03:25:08 --> mysqli_sql_exception: Column 'alamat' cannot be null in C:\xampp\htdocs\E-Commerce-Ci4\vendor\codeigniter4\framework\system\Database\MySQLi\Connection.php:295
Stack trace:
#0 C:\xampp\htdocs\E-Commerce-Ci4\vendor\codeigniter4\framework\system\Database\MySQLi\Connection.php(295): mysqli->query('INSERT INTO `tr...', 0)
#1 C:\xampp\htdocs\E-Commerce-Ci4\vendor\codeigniter4\framework\system\Database\BaseConnection.php(691): CodeIgniter\Database\MySQLi\Connection->execute('INSERT INTO `tr...')
#2 C:\xampp\htdocs\E-Commerce-Ci4\vendor\codeigniter4\framework\system\Database\BaseConnection.php(605): CodeIgniter\Database\BaseConnection->simpleQuery('INSERT INTO `tr...')
#3 C:\xampp\htdocs\E-Commerce-Ci4\vendor\codeigniter4\framework\system\Database\BaseBuilder.php(1801): CodeIgniter\Database\BaseConnection->query('INSERT INTO `tr...', NULL, false)
#4 C:\xampp\htdocs\E-Commerce-Ci4\vendor\codeigniter4\framework\system\Database\BaseBuilder.php(2192): CodeIgniter\Database\BaseBuilder->batchExecute('_insertBatch', 100)
#5 C:\xampp\htdocs\E-Commerce-Ci4\app\Models\TransaksiPenjualan.php(22): CodeIgniter\Database\BaseBuilder->insertBatch(Array)
#6 C:\xampp\htdocs\E-Commerce-Ci4\app\Controllers\C_Transaksi.php(124): App\Models\TransaksiPenjualan->insert_data_transaksi(Array)
#7 C:\xampp\htdocs\E-Commerce-Ci4\vendor\codeigniter4\framework\system\CodeIgniter.php(934): App\Controllers\C_Transaksi->checkout()
#8 C:\xampp\htdocs\E-Commerce-Ci4\vendor\codeigniter4\framework\system\CodeIgniter.php(499): CodeIgniter\CodeIgniter->runController(Object(App\Controllers\C_Transaksi))
#9 C:\xampp\htdocs\E-Commerce-Ci4\vendor\codeigniter4\framework\system\CodeIgniter.php(368): CodeIgniter\CodeIgniter->handleRequest(NULL, Object(Config\Cache), false)
#10 C:\xampp\htdocs\E-Commerce-Ci4\public\index.php(67): CodeIgniter\CodeIgniter->run()
#11 C:\xampp\htdocs\E-Commerce-Ci4\vendor\codeigniter4\framework\system\Commands\Server\rewrite.php(47): require_once('C:\\xampp\\htdocs...')
#12 {main}
CRITICAL - 2023-05-06 03:25:08 --> Column 'alamat' cannot be null
in SYSTEMPATH\Database\BaseConnection.php on line 645.
 1 SYSTEMPATH\Database\BaseBuilder.php(1801): CodeIgniter\Database\BaseConnection->query('INSERT INTO `transaksipjl` (`alamat`, `hp`, `kecamatan`, `kota`, `nama`, `total`)
VALUES (NULL,NULL,NULL,NULL,NULL,NULL)', null, false)
 2 SYSTEMPATH\Database\BaseBuilder.php(2192): CodeIgniter\Database\BaseBuilder->batchExecute('_insertBatch', 100)
 3 APPPATH\Models\TransaksiPenjualan.php(22): CodeIgniter\Database\BaseBuilder->insertBatch([...])
 4 APPPATH\Controllers\C_Transaksi.php(124): App\Models\TransaksiPenjualan->insert_data_transaksi([...])
 5 SYSTEMPATH\CodeIgniter.php(934): App\Controllers\C_Transaksi->checkout()
 6 SYSTEMPATH\CodeIgniter.php(499): CodeIgniter\CodeIgniter->runController(Object(App\Controllers\C_Transaksi))
 7 SYSTEMPATH\CodeIgniter.php(368): CodeIgniter\CodeIgniter->handleRequest(null, Object(Config\Cache), false)
 8 FCPATH\index.php(67): CodeIgniter\CodeIgniter->run()
 9 SYSTEMPATH\Commands\Server\rewrite.php(47): require_once('FCPATH\\index.php')
INFO - 2023-05-06 03:25:10 --> Session: Class initialized using 'CodeIgniter\Session\Handlers\FileHandler' driver.
ERROR - 2023-05-06 03:25:10 --> mysqli_sql_exception: Column 'alamat' cannot be null in C:\xampp\htdocs\E-Commerce-Ci4\vendor\codeigniter4\framework\system\Database\MySQLi\Connection.php:295
Stack trace:
#0 C:\xampp\htdocs\E-Commerce-Ci4\vendor\codeigniter4\framework\system\Database\MySQLi\Connection.php(295): mysqli->query('INSERT INTO `tr...', 0)
#1 C:\xampp\htdocs\E-Commerce-Ci4\vendor\codeigniter4\framework\system\Database\BaseConnection.php(691): CodeIgniter\Database\MySQLi\Connection->execute('INSERT INTO `tr...')
#2 C:\xampp\htdocs\E-Commerce-Ci4\vendor\codeigniter4\framework\system\Database\BaseConnection.php(605): CodeIgniter\Database\BaseConnection->simpleQuery('INSERT INTO `tr...')
#3 C:\xampp\htdocs\E-Commerce-Ci4\vendor\codeigniter4\framework\system\Database\BaseBuilder.php(1801): CodeIgniter\Database\BaseConnection->query('INSERT INTO `tr...', NULL, false)
#4 C:\xampp\htdocs\E-Commerce-Ci4\vendor\codeigniter4\framework\system\Database\BaseBuilder.php(2192): CodeIgniter\Database\BaseBuilder->batchExecute('_insertBatch', 100)
#5 C:\xampp\htdocs\E-Commerce-Ci4\app\Models\TransaksiPenjualan.php(22): CodeIgniter\Database\BaseBuilder->insertBatch(Array)
#6 C:\xampp\htdocs\E-Commerce-Ci4\app\Controllers\C_Transaksi.php(124): App\Models\TransaksiPenjualan->insert_data_transaksi(Array)
#7 C:\xampp\htdocs\E-Commerce-Ci4\vendor\codeigniter4\framework\system\CodeIgniter.php(934): App\Controllers\C_Transaksi->checkout()
#8 C:\xampp\htdocs\E-Commerce-Ci4\vendor\codeigniter4\framework\system\CodeIgniter.php(499): CodeIgniter\CodeIgniter->runController(Object(App\Controllers\C_Transaksi))
#9 C:\xampp\htdocs\E-Commerce-Ci4\vendor\codeigniter4\framework\system\CodeIgniter.php(368): CodeIgniter\CodeIgniter->handleRequest(NULL, Object(Config\Cache), false)
#10 C:\xampp\htdocs\E-Commerce-Ci4\public\index.php(67): CodeIgniter\CodeIgniter->run()
#11 C:\xampp\htdocs\E-Commerce-Ci4\vendor\codeigniter4\framework\system\Commands\Server\rewrite.php(47): require_once('C:\\xampp\\htdocs...')
#12 {main}
CRITICAL - 2023-05-06 03:25:10 --> Column 'alamat' cannot be null
in SYSTEMPATH\Database\BaseConnection.php on line 645.
 1 SYSTEMPATH\Database\BaseBuilder.php(1801): CodeIgniter\Database\BaseConnection->query('INSERT INTO `transaksipjl` (`alamat`, `hp`, `kecamatan`, `kota`, `nama`, `total`)
VALUES (NULL,NULL,NULL,NULL,NULL,NULL)', null, false)
 2 SYSTEMPATH\Database\BaseBuilder.php(2192): CodeIgniter\Database\BaseBuilder->batchExecute('_insertBatch', 100)
 3 APPPATH\Models\TransaksiPenjualan.php(22): CodeIgniter\Database\BaseBuilder->insertBatch([...])
 4 APPPATH\Controllers\C_Transaksi.php(124): App\Models\TransaksiPenjualan->insert_data_transaksi([...])
 5 SYSTEMPATH\CodeIgniter.php(934): App\Controllers\C_Transaksi->checkout()
 6 SYSTEMPATH\CodeIgniter.php(499): CodeIgniter\CodeIgniter->runController(Object(App\Controllers\C_Transaksi))
 7 SYSTEMPATH\CodeIgniter.php(368): CodeIgniter\CodeIgniter->handleRequest(null, Object(Config\Cache), false)
 8 FCPATH\index.php(67): CodeIgniter\CodeIgniter->run()
 9 SYSTEMPATH\Commands\Server\rewrite.php(47): require_once('FCPATH\\index.php')
INFO - 2023-05-06 03:25:10 --> Session: Class initialized using 'CodeIgniter\Session\Handlers\FileHandler' driver.
ERROR - 2023-05-06 03:25:10 --> mysqli_sql_exception: Column 'alamat' cannot be null in C:\xampp\htdocs\E-Commerce-Ci4\vendor\codeigniter4\framework\system\Database\MySQLi\Connection.php:295
Stack trace:
#0 C:\xampp\htdocs\E-Commerce-Ci4\vendor\codeigniter4\framework\system\Database\MySQLi\Connection.php(295): mysqli->query('INSERT INTO `tr...', 0)
#1 C:\xampp\htdocs\E-Commerce-Ci4\vendor\codeigniter4\framework\system\Database\BaseConnection.php(691): CodeIgniter\Database\MySQLi\Connection->execute('INSERT INTO `tr...')
#2 C:\xampp\htdocs\E-Commerce-Ci4\vendor\codeigniter4\framework\system\Database\BaseConnection.php(605): CodeIgniter\Database\BaseConnection->simpleQuery('INSERT INTO `tr...')
#3 C:\xampp\htdocs\E-Commerce-Ci4\vendor\codeigniter4\framework\system\Database\BaseBuilder.php(1801): CodeIgniter\Database\BaseConnection->query('INSERT INTO `tr...', NULL, false)
#4 C:\xampp\htdocs\E-Commerce-Ci4\vendor\codeigniter4\framework\system\Database\BaseBuilder.php(2192): CodeIgniter\Database\BaseBuilder->batchExecute('_insertBatch', 100)
#5 C:\xampp\htdocs\E-Commerce-Ci4\app\Models\TransaksiPenjualan.php(22): CodeIgniter\Database\BaseBuilder->insertBatch(Array)
#6 C:\xampp\htdocs\E-Commerce-Ci4\app\Controllers\C_Transaksi.php(124): App\Models\TransaksiPenjualan->insert_data_transaksi(Array)
#7 C:\xampp\htdocs\E-Commerce-Ci4\vendor\codeigniter4\framework\system\CodeIgniter.php(934): App\Controllers\C_Transaksi->checkout()
#8 C:\xampp\htdocs\E-Commerce-Ci4\vendor\codeigniter4\framework\system\CodeIgniter.php(499): CodeIgniter\CodeIgniter->runController(Object(App\Controllers\C_Transaksi))
#9 C:\xampp\htdocs\E-Commerce-Ci4\vendor\codeigniter4\framework\system\CodeIgniter.php(368): CodeIgniter\CodeIgniter->handleRequest(NULL, Object(Config\Cache), false)
#10 C:\xampp\htdocs\E-Commerce-Ci4\public\index.php(67): CodeIgniter\CodeIgniter->run()
#11 C:\xampp\htdocs\E-Commerce-Ci4\vendor\codeigniter4\framework\system\Commands\Server\rewrite.php(47): require_once('C:\\xampp\\htdocs...')
#12 {main}
CRITICAL - 2023-05-06 03:25:10 --> Column 'alamat' cannot be null
in SYSTEMPATH\Database\BaseConnection.php on line 645.
 1 SYSTEMPATH\Database\BaseBuilder.php(1801): CodeIgniter\Database\BaseConnection->query('INSERT INTO `transaksipjl` (`alamat`, `hp`, `kecamatan`, `kota`, `nama`, `total`)
VALUES (NULL,NULL,NULL,NULL,NULL,NULL)', null, false)
 2 SYSTEMPATH\Database\BaseBuilder.php(2192): CodeIgniter\Database\BaseBuilder->batchExecute('_insertBatch', 100)
 3 APPPATH\Models\TransaksiPenjualan.php(22): CodeIgniter\Database\BaseBuilder->insertBatch([...])
 4 APPPATH\Controllers\C_Transaksi.php(124): App\Models\TransaksiPenjualan->insert_data_transaksi([...])
 5 SYSTEMPATH\CodeIgniter.php(934): App\Controllers\C_Transaksi->checkout()
 6 SYSTEMPATH\CodeIgniter.php(499): CodeIgniter\CodeIgniter->runController(Object(App\Controllers\C_Transaksi))
 7 SYSTEMPATH\CodeIgniter.php(368): CodeIgniter\CodeIgniter->handleRequest(null, Object(Config\Cache), false)
 8 FCPATH\index.php(67): CodeIgniter\CodeIgniter->run()
 9 SYSTEMPATH\Commands\Server\rewrite.php(47): require_once('FCPATH\\index.php')
INFO - 2023-05-06 03:25:20 --> Session: Class initialized using 'CodeIgniter\Session\Handlers\FileHandler' driver.
INFO - 2023-05-06 03:33:17 --> Session: Class initialized using 'CodeIgniter\Session\Handlers\FileHandler' driver.
ERROR - 2023-05-06 03:33:17 --> mysqli_sql_exception: Column 'nama' cannot be null in C:\xampp\htdocs\E-Commerce-Ci4\vendor\codeigniter4\framework\system\Database\MySQLi\Connection.php:295
Stack trace:
#0 C:\xampp\htdocs\E-Commerce-Ci4\vendor\codeigniter4\framework\system\Database\MySQLi\Connection.php(295): mysqli->query('INSERT INTO `tr...', 0)
#1 C:\xampp\htdocs\E-Commerce-Ci4\vendor\codeigniter4\framework\system\Database\BaseConnection.php(691): CodeIgniter\Database\MySQLi\Connection->execute('INSERT INTO `tr...')
#2 C:\xampp\htdocs\E-Commerce-Ci4\vendor\codeigniter4\framework\system\Database\BaseConnection.php(605): CodeIgniter\Database\BaseConnection->simpleQuery('INSERT INTO `tr...')
#3 C:\xampp\htdocs\E-Commerce-Ci4\vendor\codeigniter4\framework\system\Database\BaseBuilder.php(2309): CodeIgniter\Database\BaseConnection->query('INSERT INTO `tr...', Array, false)
#4 C:\xampp\htdocs\E-Commerce-Ci4\vendor\codeigniter4\framework\system\Model.php(330): CodeIgniter\Database\BaseBuilder->insert()
#5 C:\xampp\htdocs\E-Commerce-Ci4\vendor\codeigniter4\framework\system\BaseModel.php(782): CodeIgniter\Model->doInsert(Array)
#6 C:\xampp\htdocs\E-Commerce-Ci4\vendor\codeigniter4\framework\system\Model.php(730): CodeIgniter\BaseModel->insert(Array, true)
#7 C:\xampp\htdocs\E-Commerce-Ci4\app\Controllers\C_Transaksi.php(121): CodeIgniter\Model->insert(Array)
#8 C:\xampp\htdocs\E-Commerce-Ci4\vendor\codeigniter4\framework\system\CodeIgniter.php(934): App\Controllers\C_Transaksi->checkout()
#9 C:\xampp\htdocs\E-Commerce-Ci4\vendor\codeigniter4\framework\system\CodeIgniter.php(499): CodeIgniter\CodeIgniter->runController(Object(App\Controllers\C_Transaksi))
#10 C:\xampp\htdocs\E-Commerce-Ci4\vendor\codeigniter4\framework\system\CodeIgniter.php(368): CodeIgniter\CodeIgniter->handleRequest(NULL, Object(Config\Cache), false)
#11 C:\xampp\htdocs\E-Commerce-Ci4\public\index.php(67): CodeIgniter\CodeIgniter->run()
#12 C:\xampp\htdocs\E-Commerce-Ci4\vendor\codeigniter4\framework\system\Commands\Server\rewrite.php(47): require_once('C:\\xampp\\htdocs...')
#13 {main}
CRITICAL - 2023-05-06 03:33:17 --> Column 'nama' cannot be null
in SYSTEMPATH\Database\BaseConnection.php on line 645.
 1 SYSTEMPATH\Database\BaseBuilder.php(2309): CodeIgniter\Database\BaseConnection->query('INSERT INTO `transaksipjl` (`nama`, `hp`, `alamat`, `kota`, `kecamatan`) VALUES (:nama:, :hp:, :alamat:, :kota:, :kecamatan:)', [...], false)
 2 SYSTEMPATH\Model.php(330): CodeIgniter\Database\BaseBuilder->insert()
 3 SYSTEMPATH\BaseModel.php(782): CodeIgniter\Model->doInsert([...])
 4 SYSTEMPATH\Model.php(730): CodeIgniter\BaseModel->insert([...], true)
 5 APPPATH\Controllers\C_Transaksi.php(121): CodeIgniter\Model->insert([...])
 6 SYSTEMPATH\CodeIgniter.php(934): App\Controllers\C_Transaksi->checkout()
 7 SYSTEMPATH\CodeIgniter.php(499): CodeIgniter\CodeIgniter->runController(Object(App\Controllers\C_Transaksi))
 8 SYSTEMPATH\CodeIgniter.php(368): CodeIgniter\CodeIgniter->handleRequest(null, Object(Config\Cache), false)
 9 FCPATH\index.php(67): CodeIgniter\CodeIgniter->run()
10 SYSTEMPATH\Commands\Server\rewrite.php(47): require_once('FCPATH\\index.php')
INFO - 2023-05-06 03:33:24 --> Session: Class initialized using 'CodeIgniter\Session\Handlers\FileHandler' driver.
INFO - 2023-05-06 03:33:27 --> Session: Class initialized using 'CodeIgniter\Session\Handlers\FileHandler' driver.
INFO - 2023-05-06 03:33:44 --> Session: Class initialized using 'CodeIgniter\Session\Handlers\FileHandler' driver.
ERROR - 2023-05-06 03:33:44 --> mysqli_sql_exception: Unknown column 'harga' in 'field list' in C:\xampp\htdocs\E-Commerce-Ci4\vendor\codeigniter4\framework\system\Database\MySQLi\Connection.php:295
Stack trace:
#0 C:\xampp\htdocs\E-Commerce-Ci4\vendor\codeigniter4\framework\system\Database\MySQLi\Connection.php(295): mysqli->query('INSERT INTO `de...', 0)
#1 C:\xampp\htdocs\E-Commerce-Ci4\vendor\codeigniter4\framework\system\Database\BaseConnection.php(691): CodeIgniter\Database\MySQLi\Connection->execute('INSERT INTO `de...')
#2 C:\xampp\htdocs\E-Commerce-Ci4\vendor\codeigniter4\framework\system\Database\BaseConnection.php(605): CodeIgniter\Database\BaseConnection->simpleQuery('INSERT INTO `de...')
#3 C:\xampp\htdocs\E-Commerce-Ci4\vendor\codeigniter4\framework\system\Database\BaseBuilder.php(1801): CodeIgniter\Database\BaseConnection->query('INSERT INTO `de...', NULL, false)
#4 C:\xampp\htdocs\E-Commerce-Ci4\vendor\codeigniter4\framework\system\Database\BaseBuilder.php(2192): CodeIgniter\Database\BaseBuilder->batchExecute('_insertBatch', 100)
#5 C:\xampp\htdocs\E-Commerce-Ci4\app\Models\Jual.php(22): CodeIgniter\Database\BaseBuilder->insertBatch(Array)
#6 C:\xampp\htdocs\E-Commerce-Ci4\app\Controllers\C_Transaksi.php(156): App\Models\Jual->insert_data_jual(Array)
#7 C:\xampp\htdocs\E-Commerce-Ci4\vendor\codeigniter4\framework\system\CodeIgniter.php(934): App\Controllers\C_Transaksi->checkout()
#8 C:\xampp\htdocs\E-Commerce-Ci4\vendor\codeigniter4\framework\system\CodeIgniter.php(499): CodeIgniter\CodeIgniter->runController(Object(App\Controllers\C_Transaksi))
#9 C:\xampp\htdocs\E-Commerce-Ci4\vendor\codeigniter4\framework\system\CodeIgniter.php(368): CodeIgniter\CodeIgniter->handleRequest(NULL, Object(Config\Cache), false)
#10 C:\xampp\htdocs\E-Commerce-Ci4\public\index.php(67): CodeIgniter\CodeIgniter->run()
#11 C:\xampp\htdocs\E-Commerce-Ci4\vendor\codeigniter4\framework\system\Commands\Server\rewrite.php(47): require_once('C:\\xampp\\htdocs...')
#12 {main}
CRITICAL - 2023-05-06 03:33:44 --> Unknown column 'harga' in 'field list'
in SYSTEMPATH\Database\BaseConnection.php on line 645.
 1 SYSTEMPATH\Database\BaseBuilder.php(1801): CodeIgniter\Database\BaseConnection->query('INSERT INTO `detailjual` (`harga`, `idkemeja`, `idtrans`, `jmljual`)
VALUES (\'200000\',32,255,\'2\')', null, false)
 2 SYSTEMPATH\Database\BaseBuilder.php(2192): CodeIgniter\Database\BaseBuilder->batchExecute('_insertBatch', 100)
 3 APPPATH\Models\Jual.php(22): CodeIgniter\Database\BaseBuilder->insertBatch([...])
 4 APPPATH\Controllers\C_Transaksi.php(156): App\Models\Jual->insert_data_jual([...])
 5 SYSTEMPATH\CodeIgniter.php(934): App\Controllers\C_Transaksi->checkout()
 6 SYSTEMPATH\CodeIgniter.php(499): CodeIgniter\CodeIgniter->runController(Object(App\Controllers\C_Transaksi))
 7 SYSTEMPATH\CodeIgniter.php(368): CodeIgniter\CodeIgniter->handleRequest(null, Object(Config\Cache), false)
 8 FCPATH\index.php(67): CodeIgniter\CodeIgniter->run()
 9 SYSTEMPATH\Commands\Server\rewrite.php(47): require_once('FCPATH\\index.php')
INFO - 2023-05-06 03:36:04 --> Session: Class initialized using 'CodeIgniter\Session\Handlers\FileHandler' driver.
INFO - 2023-05-06 03:36:05 --> Session: Class initialized using 'CodeIgniter\Session\Handlers\FileHandler' driver.
ERROR - 2023-05-06 03:36:05 --> mysqli_sql_exception: Column 'nama' cannot be null in C:\xampp\htdocs\E-Commerce-Ci4\vendor\codeigniter4\framework\system\Database\MySQLi\Connection.php:295
Stack trace:
#0 C:\xampp\htdocs\E-Commerce-Ci4\vendor\codeigniter4\framework\system\Database\MySQLi\Connection.php(295): mysqli->query('INSERT INTO `tr...', 0)
#1 C:\xampp\htdocs\E-Commerce-Ci4\vendor\codeigniter4\framework\system\Database\BaseConnection.php(691): CodeIgniter\Database\MySQLi\Connection->execute('INSERT INTO `tr...')
#2 C:\xampp\htdocs\E-Commerce-Ci4\vendor\codeigniter4\framework\system\Database\BaseConnection.php(605): CodeIgniter\Database\BaseConnection->simpleQuery('INSERT INTO `tr...')
#3 C:\xampp\htdocs\E-Commerce-Ci4\vendor\codeigniter4\framework\system\Database\BaseBuilder.php(2309): CodeIgniter\Database\BaseConnection->query('INSERT INTO `tr...', Array, false)
#4 C:\xampp\htdocs\E-Commerce-Ci4\vendor\codeigniter4\framework\system\Model.php(330): CodeIgniter\Database\BaseBuilder->insert()
#5 C:\xampp\htdocs\E-Commerce-Ci4\vendor\codeigniter4\framework\system\BaseModel.php(782): CodeIgniter\Model->doInsert(Array)
#6 C:\xampp\htdocs\E-Commerce-Ci4\vendor\codeigniter4\framework\system\Model.php(730): CodeIgniter\BaseModel->insert(Array, true)
#7 C:\xampp\htdocs\E-Commerce-Ci4\app\Controllers\C_Transaksi.php(121): CodeIgniter\Model->insert(Array)
#8 C:\xampp\htdocs\E-Commerce-Ci4\vendor\codeigniter4\framework\system\CodeIgniter.php(934): App\Controllers\C_Transaksi->checkout()
#9 C:\xampp\htdocs\E-Commerce-Ci4\vendor\codeigniter4\framework\system\CodeIgniter.php(499): CodeIgniter\CodeIgniter->runController(Object(App\Controllers\C_Transaksi))
#10 C:\xampp\htdocs\E-Commerce-Ci4\vendor\codeigniter4\framework\system\CodeIgniter.php(368): CodeIgniter\CodeIgniter->handleRequest(NULL, Object(Config\Cache), false)
#11 C:\xampp\htdocs\E-Commerce-Ci4\public\index.php(67): CodeIgniter\CodeIgniter->run()
#12 C:\xampp\htdocs\E-Commerce-Ci4\vendor\codeigniter4\framework\system\Commands\Server\rewrite.php(47): require_once('C:\\xampp\\htdocs...')
#13 {main}
CRITICAL - 2023-05-06 03:36:05 --> Column 'nama' cannot be null
in SYSTEMPATH\Database\BaseConnection.php on line 645.
 1 SYSTEMPATH\Database\BaseBuilder.php(2309): CodeIgniter\Database\BaseConnection->query('INSERT INTO `transaksipjl` (`nama`, `hp`, `alamat`, `kota`, `kecamatan`) VALUES (:nama:, :hp:, :alamat:, :kota:, :kecamatan:)', [...], false)
 2 SYSTEMPATH\Model.php(330): CodeIgniter\Database\BaseBuilder->insert()
 3 SYSTEMPATH\BaseModel.php(782): CodeIgniter\Model->doInsert([...])
 4 SYSTEMPATH\Model.php(730): CodeIgniter\BaseModel->insert([...], true)
 5 APPPATH\Controllers\C_Transaksi.php(121): CodeIgniter\Model->insert([...])
 6 SYSTEMPATH\CodeIgniter.php(934): App\Controllers\C_Transaksi->checkout()
 7 SYSTEMPATH\CodeIgniter.php(499): CodeIgniter\CodeIgniter->runController(Object(App\Controllers\C_Transaksi))
 8 SYSTEMPATH\CodeIgniter.php(368): CodeIgniter\CodeIgniter->handleRequest(null, Object(Config\Cache), false)
 9 FCPATH\index.php(67): CodeIgniter\CodeIgniter->run()
10 SYSTEMPATH\Commands\Server\rewrite.php(47): require_once('FCPATH\\index.php')
INFO - 2023-05-06 03:51:29 --> Session: Class initialized using 'CodeIgniter\Session\Handlers\FileHandler' driver.
ERROR - 2023-05-06 03:51:33 --> Error connecting to the database: mysqli_sql_exception: No connection could be made because the target machine actively refused it in C:\xampp\htdocs\E-Commerce-Ci4\vendor\codeigniter4\framework\system\Database\MySQLi\Connection.php:174
Stack trace:
#0 C:\xampp\htdocs\E-Commerce-Ci4\vendor\codeigniter4\framework\system\Database\MySQLi\Connection.php(174): mysqli->real_connect('localhost', 'root', '', 'db_toko-online-...', 3306, '', 0)
#1 C:\xampp\htdocs\E-Commerce-Ci4\vendor\codeigniter4\framework\system\Database\BaseConnection.php(391): CodeIgniter\Database\MySQLi\Connection->connect(false)
#2 C:\xampp\htdocs\E-Commerce-Ci4\vendor\codeigniter4\framework\system\Database\BaseConnection.php(573): CodeIgniter\Database\BaseConnection->initialize()
#3 C:\xampp\htdocs\E-Commerce-Ci4\vendor\codeigniter4\framework\system\Database\BaseBuilder.php(2309): CodeIgniter\Database\BaseConnection->query('INSERT INTO `tr...', Array, false)
#4 C:\xampp\htdocs\E-Commerce-Ci4\vendor\codeigniter4\framework\system\Model.php(330): CodeIgniter\Database\BaseBuilder->insert()
#5 C:\xampp\htdocs\E-Commerce-Ci4\vendor\codeigniter4\framework\system\BaseModel.php(782): CodeIgniter\Model->doInsert(Array)
#6 C:\xampp\htdocs\E-Commerce-Ci4\vendor\codeigniter4\framework\system\Model.php(730): CodeIgniter\BaseModel->insert(Array, true)
#7 C:\xampp\htdocs\E-Commerce-Ci4\app\Controllers\C_Transaksi.php(121): CodeIgniter\Model->insert(Array)
#8 C:\xampp\htdocs\E-Commerce-Ci4\vendor\codeigniter4\framework\system\CodeIgniter.php(934): App\Controllers\C_Transaksi->checkout()
#9 C:\xampp\htdocs\E-Commerce-Ci4\vendor\codeigniter4\framework\system\CodeIgniter.php(499): CodeIgniter\CodeIgniter->runController(Object(App\Controllers\C_Transaksi))
#10 C:\xampp\htdocs\E-Commerce-Ci4\vendor\codeigniter4\framework\system\CodeIgniter.php(368): CodeIgniter\CodeIgniter->handleRequest(NULL, Object(Config\Cache), false)
#11 C:\xampp\htdocs\E-Commerce-Ci4\public\index.php(67): CodeIgniter\CodeIgniter->run()
#12 C:\xampp\htdocs\E-Commerce-Ci4\vendor\codeigniter4\framework\system\Commands\Server\rewrite.php(47): require_once('C:\\xampp\\htdocs...')
#13 {main}

Next CodeIgniter\Database\Exceptions\DatabaseException: No connection could be made because the target machine actively refused it in C:\xampp\htdocs\E-Commerce-Ci4\vendor\codeigniter4\framework\system\Database\MySQLi\Connection.php:218
Stack trace:
#0 C:\xampp\htdocs\E-Commerce-Ci4\vendor\codeigniter4\framework\system\Database\BaseConnection.php(391): CodeIgniter\Database\MySQLi\Connection->connect(false)
#1 C:\xampp\htdocs\E-Commerce-Ci4\vendor\codeigniter4\framework\system\Database\BaseConnection.php(573): CodeIgniter\Database\BaseConnection->initialize()
#2 C:\xampp\htdocs\E-Commerce-Ci4\vendor\codeigniter4\framework\system\Database\BaseBuilder.php(2309): CodeIgniter\Database\BaseConnection->query('INSERT INTO `tr...', Array, false)
#3 C:\xampp\htdocs\E-Commerce-Ci4\vendor\codeigniter4\framework\system\Model.php(330): CodeIgniter\Database\BaseBuilder->insert()
#4 C:\xampp\htdocs\E-Commerce-Ci4\vendor\codeigniter4\framework\system\BaseModel.php(782): CodeIgniter\Model->doInsert(Array)
#5 C:\xampp\htdocs\E-Commerce-Ci4\vendor\codeigniter4\framework\system\Model.php(730): CodeIgniter\BaseModel->insert(Array, true)
#6 C:\xampp\htdocs\E-Commerce-Ci4\app\Controllers\C_Transaksi.php(121): CodeIgniter\Model->insert(Array)
#7 C:\xampp\htdocs\E-Commerce-Ci4\vendor\codeigniter4\framework\system\CodeIgniter.php(934): App\Controllers\C_Transaksi->checkout()
#8 C:\xampp\htdocs\E-Commerce-Ci4\vendor\codeigniter4\framework\system\CodeIgniter.php(499): CodeIgniter\CodeIgniter->runController(Object(App\Controllers\C_Transaksi))
#9 C:\xampp\htdocs\E-Commerce-Ci4\vendor\codeigniter4\framework\system\CodeIgniter.php(368): CodeIgniter\CodeIgniter->handleRequest(NULL, Object(Config\Cache), false)
#10 C:\xampp\htdocs\E-Commerce-Ci4\public\index.php(67): CodeIgniter\CodeIgniter->run()
#11 C:\xampp\htdocs\E-Commerce-Ci4\vendor\codeigniter4\framework\system\Commands\Server\rewrite.php(47): require_once('C:\\xampp\\htdocs...')
#12 {main}
CRITICAL - 2023-05-06 03:51:33 --> Unable to connect to the database.
Main connection [MySQLi]: No connection could be made because the target machine actively refused it
in SYSTEMPATH\Database\BaseConnection.php on line 427.
 1 SYSTEMPATH\Database\BaseConnection.php(573): CodeIgniter\Database\BaseConnection->initialize()
 2 SYSTEMPATH\Database\BaseBuilder.php(2309): CodeIgniter\Database\BaseConnection->query('INSERT INTO `transaksipjl` (`nama`, `hp`, `alamat`, `kota`, `kecamatan`) VALUES (:nama:, :hp:, :alamat:, :kota:, :kecamatan:)', [...], false)
 3 SYSTEMPATH\Model.php(330): CodeIgniter\Database\BaseBuilder->insert()
 4 SYSTEMPATH\BaseModel.php(782): CodeIgniter\Model->doInsert([...])
 5 SYSTEMPATH\Model.php(730): CodeIgniter\BaseModel->insert([...], true)
 6 APPPATH\Controllers\C_Transaksi.php(121): CodeIgniter\Model->insert([...])
 7 SYSTEMPATH\CodeIgniter.php(934): App\Controllers\C_Transaksi->checkout()
 8 SYSTEMPATH\CodeIgniter.php(499): CodeIgniter\CodeIgniter->runController(Object(App\Controllers\C_Transaksi))
 9 SYSTEMPATH\CodeIgniter.php(368): CodeIgniter\CodeIgniter->handleRequest(null, Object(Config\Cache), false)
10 FCPATH\index.php(67): CodeIgniter\CodeIgniter->run()
11 SYSTEMPATH\Commands\Server\rewrite.php(47): require_once('FCPATH\\index.php')
INFO - 2023-05-06 03:51:51 --> Session: Class initialized using 'CodeIgniter\Session\Handlers\FileHandler' driver.
ERROR - 2023-05-06 03:51:51 --> mysqli_sql_exception: Column 'nama' cannot be null in C:\xampp\htdocs\E-Commerce-Ci4\vendor\codeigniter4\framework\system\Database\MySQLi\Connection.php:295
Stack trace:
#0 C:\xampp\htdocs\E-Commerce-Ci4\vendor\codeigniter4\framework\system\Database\MySQLi\Connection.php(295): mysqli->query('INSERT INTO `tr...', 0)
#1 C:\xampp\htdocs\E-Commerce-Ci4\vendor\codeigniter4\framework\system\Database\BaseConnection.php(691): CodeIgniter\Database\MySQLi\Connection->execute('INSERT INTO `tr...')
#2 C:\xampp\htdocs\E-Commerce-Ci4\vendor\codeigniter4\framework\system\Database\BaseConnection.php(605): CodeIgniter\Database\BaseConnection->simpleQuery('INSERT INTO `tr...')
#3 C:\xampp\htdocs\E-Commerce-Ci4\vendor\codeigniter4\framework\system\Database\BaseBuilder.php(2309): CodeIgniter\Database\BaseConnection->query('INSERT INTO `tr...', Array, false)
#4 C:\xampp\htdocs\E-Commerce-Ci4\vendor\codeigniter4\framework\system\Model.php(330): CodeIgniter\Database\BaseBuilder->insert()
#5 C:\xampp\htdocs\E-Commerce-Ci4\vendor\codeigniter4\framework\system\BaseModel.php(782): CodeIgniter\Model->doInsert(Array)
#6 C:\xampp\htdocs\E-Commerce-Ci4\vendor\codeigniter4\framework\system\Model.php(730): CodeIgniter\BaseModel->insert(Array, true)
#7 C:\xampp\htdocs\E-Commerce-Ci4\app\Controllers\C_Transaksi.php(121): CodeIgniter\Model->insert(Array)
#8 C:\xampp\htdocs\E-Commerce-Ci4\vendor\codeigniter4\framework\system\CodeIgniter.php(934): App\Controllers\C_Transaksi->checkout()
#9 C:\xampp\htdocs\E-Commerce-Ci4\vendor\codeigniter4\framework\system\CodeIgniter.php(499): CodeIgniter\CodeIgniter->runController(Object(App\Controllers\C_Transaksi))
#10 C:\xampp\htdocs\E-Commerce-Ci4\vendor\codeigniter4\framework\system\CodeIgniter.php(368): CodeIgniter\CodeIgniter->handleRequest(NULL, Object(Config\Cache), false)
#11 C:\xampp\htdocs\E-Commerce-Ci4\public\index.php(67): CodeIgniter\CodeIgniter->run()
#12 C:\xampp\htdocs\E-Commerce-Ci4\vendor\codeigniter4\framework\system\Commands\Server\rewrite.php(47): require_once('C:\\xampp\\htdocs...')
#13 {main}
CRITICAL - 2023-05-06 03:51:51 --> Column 'nama' cannot be null
in SYSTEMPATH\Database\BaseConnection.php on line 645.
 1 SYSTEMPATH\Database\BaseBuilder.php(2309): CodeIgniter\Database\BaseConnection->query('INSERT INTO `transaksipjl` (`nama`, `hp`, `alamat`, `kota`, `kecamatan`) VALUES (:nama:, :hp:, :alamat:, :kota:, :kecamatan:)', [...], false)
 2 SYSTEMPATH\Model.php(330): CodeIgniter\Database\BaseBuilder->insert()
 3 SYSTEMPATH\BaseModel.php(782): CodeIgniter\Model->doInsert([...])
 4 SYSTEMPATH\Model.php(730): CodeIgniter\BaseModel->insert([...], true)
 5 APPPATH\Controllers\C_Transaksi.php(121): CodeIgniter\Model->insert([...])
 6 SYSTEMPATH\CodeIgniter.php(934): App\Controllers\C_Transaksi->checkout()
 7 SYSTEMPATH\CodeIgniter.php(499): CodeIgniter\CodeIgniter->runController(Object(App\Controllers\C_Transaksi))
 8 SYSTEMPATH\CodeIgniter.php(368): CodeIgniter\CodeIgniter->handleRequest(null, Object(Config\Cache), false)
 9 FCPATH\index.php(67): CodeIgniter\CodeIgniter->run()
10 SYSTEMPATH\Commands\Server\rewrite.php(47): require_once('FCPATH\\index.php')
INFO - 2023-05-06 04:07:45 --> Session: Class initialized using 'CodeIgniter\Session\Handlers\FileHandler' driver.
ERROR - 2023-05-06 04:07:45 --> mysqli_sql_exception: Column 'nama' cannot be null in C:\xampp\htdocs\E-Commerce-Ci4\vendor\codeigniter4\framework\system\Database\MySQLi\Connection.php:295
Stack trace:
#0 C:\xampp\htdocs\E-Commerce-Ci4\vendor\codeigniter4\framework\system\Database\MySQLi\Connection.php(295): mysqli->query('INSERT INTO `tr...', 0)
#1 C:\xampp\htdocs\E-Commerce-Ci4\vendor\codeigniter4\framework\system\Database\BaseConnection.php(691): CodeIgniter\Database\MySQLi\Connection->execute('INSERT INTO `tr...')
#2 C:\xampp\htdocs\E-Commerce-Ci4\vendor\codeigniter4\framework\system\Database\BaseConnection.php(605): CodeIgniter\Database\BaseConnection->simpleQuery('INSERT INTO `tr...')
#3 C:\xampp\htdocs\E-Commerce-Ci4\vendor\codeigniter4\framework\system\Database\BaseBuilder.php(2309): CodeIgniter\Database\BaseConnection->query('INSERT INTO `tr...', Array, false)
#4 C:\xampp\htdocs\E-Commerce-Ci4\vendor\codeigniter4\framework\system\Model.php(330): CodeIgniter\Database\BaseBuilder->insert()
#5 C:\xampp\htdocs\E-Commerce-Ci4\vendor\codeigniter4\framework\system\BaseModel.php(782): CodeIgniter\Model->doInsert(Array)
#6 C:\xampp\htdocs\E-Commerce-Ci4\vendor\codeigniter4\framework\system\Model.php(730): CodeIgniter\BaseModel->insert(Array, true)
#7 C:\xampp\htdocs\E-Commerce-Ci4\app\Controllers\C_Transaksi.php(121): CodeIgniter\Model->insert(Array)
#8 C:\xampp\htdocs\E-Commerce-Ci4\vendor\codeigniter4\framework\system\CodeIgniter.php(934): App\Controllers\C_Transaksi->checkout()
#9 C:\xampp\htdocs\E-Commerce-Ci4\vendor\codeigniter4\framework\system\CodeIgniter.php(499): CodeIgniter\CodeIgniter->runController(Object(App\Controllers\C_Transaksi))
#10 C:\xampp\htdocs\E-Commerce-Ci4\vendor\codeigniter4\framework\system\CodeIgniter.php(368): CodeIgniter\CodeIgniter->handleRequest(NULL, Object(Config\Cache), false)
#11 C:\xampp\htdocs\E-Commerce-Ci4\public\index.php(67): CodeIgniter\CodeIgniter->run()
#12 C:\xampp\htdocs\E-Commerce-Ci4\vendor\codeigniter4\framework\system\Commands\Server\rewrite.php(47): require_once('C:\\xampp\\htdocs...')
#13 {main}
CRITICAL - 2023-05-06 04:07:45 --> Column 'nama' cannot be null
in SYSTEMPATH\Database\BaseConnection.php on line 645.
 1 SYSTEMPATH\Database\BaseBuilder.php(2309): CodeIgniter\Database\BaseConnection->query('INSERT INTO `transaksipjl` (`nama`, `hp`, `alamat`, `kota`, `kecamatan`, `total`) VALUES (:nama:, :hp:, :alamat:, :kota:, :kecamatan:, :total:)', [...], false)
 2 SYSTEMPATH\Model.php(330): CodeIgniter\Database\BaseBuilder->insert()
 3 SYSTEMPATH\BaseModel.php(782): CodeIgniter\Model->doInsert([...])
 4 SYSTEMPATH\Model.php(730): CodeIgniter\BaseModel->insert([...], true)
 5 APPPATH\Controllers\C_Transaksi.php(121): CodeIgniter\Model->insert([...])
 6 SYSTEMPATH\CodeIgniter.php(934): App\Controllers\C_Transaksi->checkout()
 7 SYSTEMPATH\CodeIgniter.php(499): CodeIgniter\CodeIgniter->runController(Object(App\Controllers\C_Transaksi))
 8 SYSTEMPATH\CodeIgniter.php(368): CodeIgniter\CodeIgniter->handleRequest(null, Object(Config\Cache), false)
 9 FCPATH\index.php(67): CodeIgniter\CodeIgniter->run()
10 SYSTEMPATH\Commands\Server\rewrite.php(47): require_once('FCPATH\\index.php')
INFO - 2023-05-06 04:37:05 --> Session: Class initialized using 'CodeIgniter\Session\Handlers\FileHandler' driver.
ERROR - 2023-05-06 04:37:05 --> mysqli_sql_exception: Column 'nama' cannot be null in C:\xampp\htdocs\E-Commerce-Ci4\vendor\codeigniter4\framework\system\Database\MySQLi\Connection.php:295
Stack trace:
#0 C:\xampp\htdocs\E-Commerce-Ci4\vendor\codeigniter4\framework\system\Database\MySQLi\Connection.php(295): mysqli->query('INSERT INTO `tr...', 0)
#1 C:\xampp\htdocs\E-Commerce-Ci4\vendor\codeigniter4\framework\system\Database\BaseConnection.php(691): CodeIgniter\Database\MySQLi\Connection->execute('INSERT INTO `tr...')
#2 C:\xampp\htdocs\E-Commerce-Ci4\vendor\codeigniter4\framework\system\Database\BaseConnection.php(605): CodeIgniter\Database\BaseConnection->simpleQuery('INSERT INTO `tr...')
#3 C:\xampp\htdocs\E-Commerce-Ci4\vendor\codeigniter4\framework\system\Database\BaseBuilder.php(2309): CodeIgniter\Database\BaseConnection->query('INSERT INTO `tr...', Array, false)
#4 C:\xampp\htdocs\E-Commerce-Ci4\vendor\codeigniter4\framework\system\Model.php(330): CodeIgniter\Database\BaseBuilder->insert()
#5 C:\xampp\htdocs\E-Commerce-Ci4\vendor\codeigniter4\framework\system\BaseModel.php(782): CodeIgniter\Model->doInsert(Array)
#6 C:\xampp\htdocs\E-Commerce-Ci4\vendor\codeigniter4\framework\system\Model.php(730): CodeIgniter\BaseModel->insert(Array, true)
#7 C:\xampp\htdocs\E-Commerce-Ci4\app\Controllers\C_Transaksi.php(121): CodeIgniter\Model->insert(Array)
#8 C:\xampp\htdocs\E-Commerce-Ci4\vendor\codeigniter4\framework\system\CodeIgniter.php(934): App\Controllers\C_Transaksi->checkout()
#9 C:\xampp\htdocs\E-Commerce-Ci4\vendor\codeigniter4\framework\system\CodeIgniter.php(499): CodeIgniter\CodeIgniter->runController(Object(App\Controllers\C_Transaksi))
#10 C:\xampp\htdocs\E-Commerce-Ci4\vendor\codeigniter4\framework\system\CodeIgniter.php(368): CodeIgniter\CodeIgniter->handleRequest(NULL, Object(Config\Cache), false)
#11 C:\xampp\htdocs\E-Commerce-Ci4\public\index.php(67): CodeIgniter\CodeIgniter->run()
#12 C:\xampp\htdocs\E-Commerce-Ci4\vendor\codeigniter4\framework\system\Commands\Server\rewrite.php(47): require_once('C:\\xampp\\htdocs...')
#13 {main}
CRITICAL - 2023-05-06 04:37:05 --> Column 'nama' cannot be null
in SYSTEMPATH\Database\BaseConnection.php on line 645.
 1 SYSTEMPATH\Database\BaseBuilder.php(2309): CodeIgniter\Database\BaseConnection->query('INSERT INTO `transaksipjl` (`nama`, `hp`, `alamat`, `kota`, `kecamatan`, `total`) VALUES (:nama:, :hp:, :alamat:, :kota:, :kecamatan:, :total:)', [...], false)
 2 SYSTEMPATH\Model.php(330): CodeIgniter\Database\BaseBuilder->insert()
 3 SYSTEMPATH\BaseModel.php(782): CodeIgniter\Model->doInsert([...])
 4 SYSTEMPATH\Model.php(730): CodeIgniter\BaseModel->insert([...], true)
 5 APPPATH\Controllers\C_Transaksi.php(121): CodeIgniter\Model->insert([...])
 6 SYSTEMPATH\CodeIgniter.php(934): App\Controllers\C_Transaksi->checkout()
 7 SYSTEMPATH\CodeIgniter.php(499): CodeIgniter\CodeIgniter->runController(Object(App\Controllers\C_Transaksi))
 8 SYSTEMPATH\CodeIgniter.php(368): CodeIgniter\CodeIgniter->handleRequest(null, Object(Config\Cache), false)
 9 FCPATH\index.php(67): CodeIgniter\CodeIgniter->run()
10 SYSTEMPATH\Commands\Server\rewrite.php(47): require_once('FCPATH\\index.php')
INFO - 2023-05-06 04:41:45 --> Session: Class initialized using 'CodeIgniter\Session\Handlers\FileHandler' driver.
ERROR - 2023-05-06 04:41:45 --> mysqli_sql_exception: Column 'nama' cannot be null in C:\xampp\htdocs\E-Commerce-Ci4\vendor\codeigniter4\framework\system\Database\MySQLi\Connection.php:295
Stack trace:
#0 C:\xampp\htdocs\E-Commerce-Ci4\vendor\codeigniter4\framework\system\Database\MySQLi\Connection.php(295): mysqli->query('INSERT INTO `tr...', 0)
#1 C:\xampp\htdocs\E-Commerce-Ci4\vendor\codeigniter4\framework\system\Database\BaseConnection.php(691): CodeIgniter\Database\MySQLi\Connection->execute('INSERT INTO `tr...')
#2 C:\xampp\htdocs\E-Commerce-Ci4\vendor\codeigniter4\framework\system\Database\BaseConnection.php(605): CodeIgniter\Database\BaseConnection->simpleQuery('INSERT INTO `tr...')
#3 C:\xampp\htdocs\E-Commerce-Ci4\vendor\codeigniter4\framework\system\Database\BaseBuilder.php(2309): CodeIgniter\Database\BaseConnection->query('INSERT INTO `tr...', Array, false)
#4 C:\xampp\htdocs\E-Commerce-Ci4\vendor\codeigniter4\framework\system\Model.php(330): CodeIgniter\Database\BaseBuilder->insert()
#5 C:\xampp\htdocs\E-Commerce-Ci4\vendor\codeigniter4\framework\system\BaseModel.php(782): CodeIgniter\Model->doInsert(Array)
#6 C:\xampp\htdocs\E-Commerce-Ci4\vendor\codeigniter4\framework\system\Model.php(730): CodeIgniter\BaseModel->insert(Array, true)
#7 C:\xampp\htdocs\E-Commerce-Ci4\app\Controllers\C_Transaksi.php(121): CodeIgniter\Model->insert(Array)
#8 C:\xampp\htdocs\E-Commerce-Ci4\vendor\codeigniter4\framework\system\CodeIgniter.php(934): App\Controllers\C_Transaksi->checkout()
#9 C:\xampp\htdocs\E-Commerce-Ci4\vendor\codeigniter4\framework\system\CodeIgniter.php(499): CodeIgniter\CodeIgniter->runController(Object(App\Controllers\C_Transaksi))
#10 C:\xampp\htdocs\E-Commerce-Ci4\vendor\codeigniter4\framework\system\CodeIgniter.php(368): CodeIgniter\CodeIgniter->handleRequest(NULL, Object(Config\Cache), false)
#11 C:\xampp\htdocs\E-Commerce-Ci4\public\index.php(67): CodeIgniter\CodeIgniter->run()
#12 C:\xampp\htdocs\E-Commerce-Ci4\vendor\codeigniter4\framework\system\Commands\Server\rewrite.php(47): require_once('C:\\xampp\\htdocs...')
#13 {main}
CRITICAL - 2023-05-06 04:41:45 --> Column 'nama' cannot be null
in SYSTEMPATH\Database\BaseConnection.php on line 645.
 1 SYSTEMPATH\Database\BaseBuilder.php(2309): CodeIgniter\Database\BaseConnection->query('INSERT INTO `transaksipjl` (`nama`, `hp`, `alamat`, `kota`, `kecamatan`, `total`) VALUES (:nama:, :hp:, :alamat:, :kota:, :kecamatan:, :total:)', [...], false)
 2 SYSTEMPATH\Model.php(330): CodeIgniter\Database\BaseBuilder->insert()
 3 SYSTEMPATH\BaseModel.php(782): CodeIgniter\Model->doInsert([...])
 4 SYSTEMPATH\Model.php(730): CodeIgniter\BaseModel->insert([...], true)
 5 APPPATH\Controllers\C_Transaksi.php(121): CodeIgniter\Model->insert([...])
 6 SYSTEMPATH\CodeIgniter.php(934): App\Controllers\C_Transaksi->checkout()
 7 SYSTEMPATH\CodeIgniter.php(499): CodeIgniter\CodeIgniter->runController(Object(App\Controllers\C_Transaksi))
 8 SYSTEMPATH\CodeIgniter.php(368): CodeIgniter\CodeIgniter->handleRequest(null, Object(Config\Cache), false)
 9 FCPATH\index.php(67): CodeIgniter\CodeIgniter->run()
10 SYSTEMPATH\Commands\Server\rewrite.php(47): require_once('FCPATH\\index.php')
INFO - 2023-05-06 07:13:05 --> Session: Class initialized using 'CodeIgniter\Session\Handlers\FileHandler' driver.
INFO - 2023-05-06 07:13:15 --> Session: Class initialized using 'CodeIgniter\Session\Handlers\FileHandler' driver.
INFO - 2023-05-06 07:13:15 --> Session: Class initialized using 'CodeIgniter\Session\Handlers\FileHandler' driver.
INFO - 2023-05-06 07:13:21 --> Session: Class initialized using 'CodeIgniter\Session\Handlers\FileHandler' driver.
INFO - 2023-05-06 07:13:21 --> Session: Class initialized using 'CodeIgniter\Session\Handlers\FileHandler' driver.
INFO - 2023-05-06 07:13:24 --> Session: Class initialized using 'CodeIgniter\Session\Handlers\FileHandler' driver.
INFO - 2023-05-06 07:13:57 --> Session: Class initialized using 'CodeIgniter\Session\Handlers\FileHandler' driver.
INFO - 2023-05-06 07:13:58 --> Session: Class initialized using 'CodeIgniter\Session\Handlers\FileHandler' driver.
ERROR - 2023-05-06 07:13:58 --> mysqli_sql_exception: Column 'nama' cannot be null in C:\xampp\htdocs\E-Commerce-Ci4\vendor\codeigniter4\framework\system\Database\MySQLi\Connection.php:295
Stack trace:
#0 C:\xampp\htdocs\E-Commerce-Ci4\vendor\codeigniter4\framework\system\Database\MySQLi\Connection.php(295): mysqli->query('INSERT INTO `tr...', 0)
#1 C:\xampp\htdocs\E-Commerce-Ci4\vendor\codeigniter4\framework\system\Database\BaseConnection.php(691): CodeIgniter\Database\MySQLi\Connection->execute('INSERT INTO `tr...')
#2 C:\xampp\htdocs\E-Commerce-Ci4\vendor\codeigniter4\framework\system\Database\BaseConnection.php(605): CodeIgniter\Database\BaseConnection->simpleQuery('INSERT INTO `tr...')
#3 C:\xampp\htdocs\E-Commerce-Ci4\vendor\codeigniter4\framework\system\Database\BaseBuilder.php(2309): CodeIgniter\Database\BaseConnection->query('INSERT INTO `tr...', Array, false)
#4 C:\xampp\htdocs\E-Commerce-Ci4\vendor\codeigniter4\framework\system\Model.php(330): CodeIgniter\Database\BaseBuilder->insert()
#5 C:\xampp\htdocs\E-Commerce-Ci4\vendor\codeigniter4\framework\system\BaseModel.php(782): CodeIgniter\Model->doInsert(Array)
#6 C:\xampp\htdocs\E-Commerce-Ci4\vendor\codeigniter4\framework\system\Model.php(730): CodeIgniter\BaseModel->insert(Array, true)
#7 C:\xampp\htdocs\E-Commerce-Ci4\app\Controllers\C_Transaksi.php(121): CodeIgniter\Model->insert(Array)
#8 C:\xampp\htdocs\E-Commerce-Ci4\vendor\codeigniter4\framework\system\CodeIgniter.php(934): App\Controllers\C_Transaksi->checkout()
#9 C:\xampp\htdocs\E-Commerce-Ci4\vendor\codeigniter4\framework\system\CodeIgniter.php(499): CodeIgniter\CodeIgniter->runController(Object(App\Controllers\C_Transaksi))
#10 C:\xampp\htdocs\E-Commerce-Ci4\vendor\codeigniter4\framework\system\CodeIgniter.php(368): CodeIgniter\CodeIgniter->handleRequest(NULL, Object(Config\Cache), false)
#11 C:\xampp\htdocs\E-Commerce-Ci4\public\index.php(67): CodeIgniter\CodeIgniter->run()
#12 C:\xampp\htdocs\E-Commerce-Ci4\vendor\codeigniter4\framework\system\Commands\Server\rewrite.php(47): require_once('C:\\xampp\\htdocs...')
#13 {main}
CRITICAL - 2023-05-06 07:13:58 --> Column 'nama' cannot be null
in SYSTEMPATH\Database\BaseConnection.php on line 645.
 1 SYSTEMPATH\Database\BaseBuilder.php(2309): CodeIgniter\Database\BaseConnection->query('INSERT INTO `transaksipjl` (`nama`, `hp`, `alamat`, `kota`, `kecamatan`, `total`) VALUES (:nama:, :hp:, :alamat:, :kota:, :kecamatan:, :total:)', [...], false)
 2 SYSTEMPATH\Model.php(330): CodeIgniter\Database\BaseBuilder->insert()
 3 SYSTEMPATH\BaseModel.php(782): CodeIgniter\Model->doInsert([...])
 4 SYSTEMPATH\Model.php(730): CodeIgniter\BaseModel->insert([...], true)
 5 APPPATH\Controllers\C_Transaksi.php(121): CodeIgniter\Model->insert([...])
 6 SYSTEMPATH\CodeIgniter.php(934): App\Controllers\C_Transaksi->checkout()
 7 SYSTEMPATH\CodeIgniter.php(499): CodeIgniter\CodeIgniter->runController(Object(App\Controllers\C_Transaksi))
 8 SYSTEMPATH\CodeIgniter.php(368): CodeIgniter\CodeIgniter->handleRequest(null, Object(Config\Cache), false)
 9 FCPATH\index.php(67): CodeIgniter\CodeIgniter->run()
10 SYSTEMPATH\Commands\Server\rewrite.php(47): require_once('FCPATH\\index.php')
INFO - 2023-05-06 07:22:39 --> Session: Class initialized using 'CodeIgniter\Session\Handlers\FileHandler' driver.
ERROR - 2023-05-06 07:22:39 --> mysqli_sql_exception: Column 'nama' cannot be null in C:\xampp\htdocs\E-Commerce-Ci4\vendor\codeigniter4\framework\system\Database\MySQLi\Connection.php:295
Stack trace:
#0 C:\xampp\htdocs\E-Commerce-Ci4\vendor\codeigniter4\framework\system\Database\MySQLi\Connection.php(295): mysqli->query('INSERT INTO `tr...', 0)
#1 C:\xampp\htdocs\E-Commerce-Ci4\vendor\codeigniter4\framework\system\Database\BaseConnection.php(691): CodeIgniter\Database\MySQLi\Connection->execute('INSERT INTO `tr...')
#2 C:\xampp\htdocs\E-Commerce-Ci4\vendor\codeigniter4\framework\system\Database\BaseConnection.php(605): CodeIgniter\Database\BaseConnection->simpleQuery('INSERT INTO `tr...')
#3 C:\xampp\htdocs\E-Commerce-Ci4\vendor\codeigniter4\framework\system\Database\BaseBuilder.php(2309): CodeIgniter\Database\BaseConnection->query('INSERT INTO `tr...', Array, false)
#4 C:\xampp\htdocs\E-Commerce-Ci4\vendor\codeigniter4\framework\system\Model.php(330): CodeIgniter\Database\BaseBuilder->insert()
#5 C:\xampp\htdocs\E-Commerce-Ci4\vendor\codeigniter4\framework\system\BaseModel.php(782): CodeIgniter\Model->doInsert(Array)
#6 C:\xampp\htdocs\E-Commerce-Ci4\vendor\codeigniter4\framework\system\Model.php(730): CodeIgniter\BaseModel->insert(Array, true)
#7 C:\xampp\htdocs\E-Commerce-Ci4\app\Controllers\C_Transaksi.php(121): CodeIgniter\Model->insert(Array)
#8 C:\xampp\htdocs\E-Commerce-Ci4\vendor\codeigniter4\framework\system\CodeIgniter.php(934): App\Controllers\C_Transaksi->checkout()
#9 C:\xampp\htdocs\E-Commerce-Ci4\vendor\codeigniter4\framework\system\CodeIgniter.php(499): CodeIgniter\CodeIgniter->runController(Object(App\Controllers\C_Transaksi))
#10 C:\xampp\htdocs\E-Commerce-Ci4\vendor\codeigniter4\framework\system\CodeIgniter.php(368): CodeIgniter\CodeIgniter->handleRequest(NULL, Object(Config\Cache), false)
#11 C:\xampp\htdocs\E-Commerce-Ci4\public\index.php(67): CodeIgniter\CodeIgniter->run()
#12 C:\xampp\htdocs\E-Commerce-Ci4\vendor\codeigniter4\framework\system\Commands\Server\rewrite.php(47): require_once('C:\\xampp\\htdocs...')
#13 {main}
CRITICAL - 2023-05-06 07:22:39 --> Column 'nama' cannot be null
in SYSTEMPATH\Database\BaseConnection.php on line 645.
 1 SYSTEMPATH\Database\BaseBuilder.php(2309): CodeIgniter\Database\BaseConnection->query('INSERT INTO `transaksipjl` (`nama`, `hp`, `alamat`, `kota`, `kecamatan`, `total`) VALUES (:nama:, :hp:, :alamat:, :kota:, :kecamatan:, :total:)', [...], false)
 2 SYSTEMPATH\Model.php(330): CodeIgniter\Database\BaseBuilder->insert()
 3 SYSTEMPATH\BaseModel.php(782): CodeIgniter\Model->doInsert([...])
 4 SYSTEMPATH\Model.php(730): CodeIgniter\BaseModel->insert([...], true)
 5 APPPATH\Controllers\C_Transaksi.php(121): CodeIgniter\Model->insert([...])
 6 SYSTEMPATH\CodeIgniter.php(934): App\Controllers\C_Transaksi->checkout()
 7 SYSTEMPATH\CodeIgniter.php(499): CodeIgniter\CodeIgniter->runController(Object(App\Controllers\C_Transaksi))
 8 SYSTEMPATH\CodeIgniter.php(368): CodeIgniter\CodeIgniter->handleRequest(null, Object(Config\Cache), false)
 9 FCPATH\index.php(67): CodeIgniter\CodeIgniter->run()
10 SYSTEMPATH\Commands\Server\rewrite.php(47): require_once('FCPATH\\index.php')
INFO - 2023-05-06 09:30:11 --> Session: Class initialized using 'CodeIgniter\Session\Handlers\FileHandler' driver.
INFO - 2023-05-06 09:30:19 --> Session: Class initialized using 'CodeIgniter\Session\Handlers\FileHandler' driver.
INFO - 2023-05-06 09:30:19 --> Session: Class initialized using 'CodeIgniter\Session\Handlers\FileHandler' driver.
INFO - 2023-05-06 09:30:25 --> Session: Class initialized using 'CodeIgniter\Session\Handlers\FileHandler' driver.
INFO - 2023-05-06 09:30:25 --> Session: Class initialized using 'CodeIgniter\Session\Handlers\FileHandler' driver.
INFO - 2023-05-06 09:30:28 --> Session: Class initialized using 'CodeIgniter\Session\Handlers\FileHandler' driver.
INFO - 2023-05-06 09:30:32 --> Session: Class initialized using 'CodeIgniter\Session\Handlers\FileHandler' driver.
INFO - 2023-05-06 09:30:32 --> Session: Class initialized using 'CodeIgniter\Session\Handlers\FileHandler' driver.
INFO - 2023-05-06 09:31:04 --> Session: Class initialized using 'CodeIgniter\Session\Handlers\FileHandler' driver.
INFO - 2023-05-06 09:31:04 --> Session: Class initialized using 'CodeIgniter\Session\Handlers\FileHandler' driver.
ERROR - 2023-05-06 09:31:04 --> mysqli_sql_exception: Column 'nama' cannot be null in C:\xampp\htdocs\E-Commerce-Ci4\vendor\codeigniter4\framework\system\Database\MySQLi\Connection.php:295
Stack trace:
#0 C:\xampp\htdocs\E-Commerce-Ci4\vendor\codeigniter4\framework\system\Database\MySQLi\Connection.php(295): mysqli->query('INSERT INTO `tr...', 0)
#1 C:\xampp\htdocs\E-Commerce-Ci4\vendor\codeigniter4\framework\system\Database\BaseConnection.php(691): CodeIgniter\Database\MySQLi\Connection->execute('INSERT INTO `tr...')
#2 C:\xampp\htdocs\E-Commerce-Ci4\vendor\codeigniter4\framework\system\Database\BaseConnection.php(605): CodeIgniter\Database\BaseConnection->simpleQuery('INSERT INTO `tr...')
#3 C:\xampp\htdocs\E-Commerce-Ci4\vendor\codeigniter4\framework\system\Database\BaseBuilder.php(2309): CodeIgniter\Database\BaseConnection->query('INSERT INTO `tr...', Array, false)
#4 C:\xampp\htdocs\E-Commerce-Ci4\vendor\codeigniter4\framework\system\Model.php(330): CodeIgniter\Database\BaseBuilder->insert()
#5 C:\xampp\htdocs\E-Commerce-Ci4\vendor\codeigniter4\framework\system\BaseModel.php(782): CodeIgniter\Model->doInsert(Array)
#6 C:\xampp\htdocs\E-Commerce-Ci4\vendor\codeigniter4\framework\system\Model.php(730): CodeIgniter\BaseModel->insert(Array, true)
#7 C:\xampp\htdocs\E-Commerce-Ci4\app\Controllers\C_Transaksi.php(121): CodeIgniter\Model->insert(Array)
#8 C:\xampp\htdocs\E-Commerce-Ci4\vendor\codeigniter4\framework\system\CodeIgniter.php(934): App\Controllers\C_Transaksi->checkout()
#9 C:\xampp\htdocs\E-Commerce-Ci4\vendor\codeigniter4\framework\system\CodeIgniter.php(499): CodeIgniter\CodeIgniter->runController(Object(App\Controllers\C_Transaksi))
#10 C:\xampp\htdocs\E-Commerce-Ci4\vendor\codeigniter4\framework\system\CodeIgniter.php(368): CodeIgniter\CodeIgniter->handleRequest(NULL, Object(Config\Cache), false)
#11 C:\xampp\htdocs\E-Commerce-Ci4\public\index.php(67): CodeIgniter\CodeIgniter->run()
#12 C:\xampp\htdocs\E-Commerce-Ci4\vendor\codeigniter4\framework\system\Commands\Server\rewrite.php(47): require_once('C:\\xampp\\htdocs...')
#13 {main}
CRITICAL - 2023-05-06 09:31:04 --> Column 'nama' cannot be null
in SYSTEMPATH\Database\BaseConnection.php on line 645.
 1 SYSTEMPATH\Database\BaseBuilder.php(2309): CodeIgniter\Database\BaseConnection->query('INSERT INTO `transaksipjl` (`nama`, `hp`, `alamat`, `kota`, `kecamatan`, `total`) VALUES (:nama:, :hp:, :alamat:, :kota:, :kecamatan:, :total:)', [...], false)
 2 SYSTEMPATH\Model.php(330): CodeIgniter\Database\BaseBuilder->insert()
 3 SYSTEMPATH\BaseModel.php(782): CodeIgniter\Model->doInsert([...])
 4 SYSTEMPATH\Model.php(730): CodeIgniter\BaseModel->insert([...], true)
 5 APPPATH\Controllers\C_Transaksi.php(121): CodeIgniter\Model->insert([...])
 6 SYSTEMPATH\CodeIgniter.php(934): App\Controllers\C_Transaksi->checkout()
 7 SYSTEMPATH\CodeIgniter.php(499): CodeIgniter\CodeIgniter->runController(Object(App\Controllers\C_Transaksi))
 8 SYSTEMPATH\CodeIgniter.php(368): CodeIgniter\CodeIgniter->handleRequest(null, Object(Config\Cache), false)
 9 FCPATH\index.php(67): CodeIgniter\CodeIgniter->run()
10 SYSTEMPATH\Commands\Server\rewrite.php(47): require_once('FCPATH\\index.php')
INFO - 2023-05-06 09:31:49 --> Session: Class initialized using 'CodeIgniter\Session\Handlers\FileHandler' driver.
ERROR - 2023-05-06 09:31:49 --> mysqli_sql_exception: Column 'nama' cannot be null in C:\xampp\htdocs\E-Commerce-Ci4\vendor\codeigniter4\framework\system\Database\MySQLi\Connection.php:295
Stack trace:
#0 C:\xampp\htdocs\E-Commerce-Ci4\vendor\codeigniter4\framework\system\Database\MySQLi\Connection.php(295): mysqli->query('INSERT INTO `tr...', 0)
#1 C:\xampp\htdocs\E-Commerce-Ci4\vendor\codeigniter4\framework\system\Database\BaseConnection.php(691): CodeIgniter\Database\MySQLi\Connection->execute('INSERT INTO `tr...')
#2 C:\xampp\htdocs\E-Commerce-Ci4\vendor\codeigniter4\framework\system\Database\BaseConnection.php(605): CodeIgniter\Database\BaseConnection->simpleQuery('INSERT INTO `tr...')
#3 C:\xampp\htdocs\E-Commerce-Ci4\vendor\codeigniter4\framework\system\Database\BaseBuilder.php(2309): CodeIgniter\Database\BaseConnection->query('INSERT INTO `tr...', Array, false)
#4 C:\xampp\htdocs\E-Commerce-Ci4\vendor\codeigniter4\framework\system\Model.php(330): CodeIgniter\Database\BaseBuilder->insert()
#5 C:\xampp\htdocs\E-Commerce-Ci4\vendor\codeigniter4\framework\system\BaseModel.php(782): CodeIgniter\Model->doInsert(Array)
#6 C:\xampp\htdocs\E-Commerce-Ci4\vendor\codeigniter4\framework\system\Model.php(730): CodeIgniter\BaseModel->insert(Array, true)
#7 C:\xampp\htdocs\E-Commerce-Ci4\app\Controllers\C_Transaksi.php(121): CodeIgniter\Model->insert(Array)
#8 C:\xampp\htdocs\E-Commerce-Ci4\vendor\codeigniter4\framework\system\CodeIgniter.php(934): App\Controllers\C_Transaksi->checkout()
#9 C:\xampp\htdocs\E-Commerce-Ci4\vendor\codeigniter4\framework\system\CodeIgniter.php(499): CodeIgniter\CodeIgniter->runController(Object(App\Controllers\C_Transaksi))
#10 C:\xampp\htdocs\E-Commerce-Ci4\vendor\codeigniter4\framework\system\CodeIgniter.php(368): CodeIgniter\CodeIgniter->handleRequest(NULL, Object(Config\Cache), false)
#11 C:\xampp\htdocs\E-Commerce-Ci4\public\index.php(67): CodeIgniter\CodeIgniter->run()
#12 C:\xampp\htdocs\E-Commerce-Ci4\vendor\codeigniter4\framework\system\Commands\Server\rewrite.php(47): require_once('C:\\xampp\\htdocs...')
#13 {main}
CRITICAL - 2023-05-06 09:31:49 --> Column 'nama' cannot be null
in SYSTEMPATH\Database\BaseConnection.php on line 645.
 1 SYSTEMPATH\Database\BaseBuilder.php(2309): CodeIgniter\Database\BaseConnection->query('INSERT INTO `transaksipjl` (`nama`, `hp`, `alamat`, `kota`, `kecamatan`, `total`) VALUES (:nama:, :hp:, :alamat:, :kota:, :kecamatan:, :total:)', [...], false)
 2 SYSTEMPATH\Model.php(330): CodeIgniter\Database\BaseBuilder->insert()
 3 SYSTEMPATH\BaseModel.php(782): CodeIgniter\Model->doInsert([...])
 4 SYSTEMPATH\Model.php(730): CodeIgniter\BaseModel->insert([...], true)
 5 APPPATH\Controllers\C_Transaksi.php(121): CodeIgniter\Model->insert([...])
 6 SYSTEMPATH\CodeIgniter.php(934): App\Controllers\C_Transaksi->checkout()
 7 SYSTEMPATH\CodeIgniter.php(499): CodeIgniter\CodeIgniter->runController(Object(App\Controllers\C_Transaksi))
 8 SYSTEMPATH\CodeIgniter.php(368): CodeIgniter\CodeIgniter->handleRequest(null, Object(Config\Cache), false)
 9 FCPATH\index.php(67): CodeIgniter\CodeIgniter->run()
10 SYSTEMPATH\Commands\Server\rewrite.php(47): require_once('FCPATH\\index.php')
INFO - 2023-05-06 09:35:13 --> Session: Class initialized using 'CodeIgniter\Session\Handlers\FileHandler' driver.
INFO - 2023-05-06 09:35:30 --> Session: Class initialized using 'CodeIgniter\Session\Handlers\FileHandler' driver.
INFO - 2023-05-06 09:36:03 --> Session: Class initialized using 'CodeIgniter\Session\Handlers\FileHandler' driver.
INFO - 2023-05-06 09:41:31 --> Session: Class initialized using 'CodeIgniter\Session\Handlers\FileHandler' driver.
ERROR - 2023-05-06 09:41:31 --> mysqli_sql_exception: Column 'nama' cannot be null in C:\xampp\htdocs\E-Commerce-Ci4\vendor\codeigniter4\framework\system\Database\MySQLi\Connection.php:295
Stack trace:
#0 C:\xampp\htdocs\E-Commerce-Ci4\vendor\codeigniter4\framework\system\Database\MySQLi\Connection.php(295): mysqli->query('INSERT INTO `tr...', 0)
#1 C:\xampp\htdocs\E-Commerce-Ci4\vendor\codeigniter4\framework\system\Database\BaseConnection.php(691): CodeIgniter\Database\MySQLi\Connection->execute('INSERT INTO `tr...')
#2 C:\xampp\htdocs\E-Commerce-Ci4\vendor\codeigniter4\framework\system\Database\BaseConnection.php(605): CodeIgniter\Database\BaseConnection->simpleQuery('INSERT INTO `tr...')
#3 C:\xampp\htdocs\E-Commerce-Ci4\vendor\codeigniter4\framework\system\Database\BaseBuilder.php(2309): CodeIgniter\Database\BaseConnection->query('INSERT INTO `tr...', Array, false)
#4 C:\xampp\htdocs\E-Commerce-Ci4\vendor\codeigniter4\framework\system\Model.php(330): CodeIgniter\Database\BaseBuilder->insert()
#5 C:\xampp\htdocs\E-Commerce-Ci4\vendor\codeigniter4\framework\system\BaseModel.php(782): CodeIgniter\Model->doInsert(Array)
#6 C:\xampp\htdocs\E-Commerce-Ci4\vendor\codeigniter4\framework\system\Model.php(730): CodeIgniter\BaseModel->insert(Array, true)
#7 C:\xampp\htdocs\E-Commerce-Ci4\app\Controllers\C_Transaksi.php(121): CodeIgniter\Model->insert(Array)
#8 C:\xampp\htdocs\E-Commerce-Ci4\vendor\codeigniter4\framework\system\CodeIgniter.php(934): App\Controllers\C_Transaksi->checkout()
#9 C:\xampp\htdocs\E-Commerce-Ci4\vendor\codeigniter4\framework\system\CodeIgniter.php(499): CodeIgniter\CodeIgniter->runController(Object(App\Controllers\C_Transaksi))
#10 C:\xampp\htdocs\E-Commerce-Ci4\vendor\codeigniter4\framework\system\CodeIgniter.php(368): CodeIgniter\CodeIgniter->handleRequest(NULL, Object(Config\Cache), false)
#11 C:\xampp\htdocs\E-Commerce-Ci4\public\index.php(67): CodeIgniter\CodeIgniter->run()
#12 C:\xampp\htdocs\E-Commerce-Ci4\vendor\codeigniter4\framework\system\Commands\Server\rewrite.php(47): require_once('C:\\xampp\\htdocs...')
#13 {main}
CRITICAL - 2023-05-06 09:41:31 --> Column 'nama' cannot be null
in SYSTEMPATH\Database\BaseConnection.php on line 645.
 1 SYSTEMPATH\Database\BaseBuilder.php(2309): CodeIgniter\Database\BaseConnection->query('INSERT INTO `transaksipjl` (`nama`, `hp`, `alamat`, `kota`, `kecamatan`, `total`) VALUES (:nama:, :hp:, :alamat:, :kota:, :kecamatan:, :total:)', [...], false)
 2 SYSTEMPATH\Model.php(330): CodeIgniter\Database\BaseBuilder->insert()
 3 SYSTEMPATH\BaseModel.php(782): CodeIgniter\Model->doInsert([...])
 4 SYSTEMPATH\Model.php(730): CodeIgniter\BaseModel->insert([...], true)
 5 APPPATH\Controllers\C_Transaksi.php(121): CodeIgniter\Model->insert([...])
 6 SYSTEMPATH\CodeIgniter.php(934): App\Controllers\C_Transaksi->checkout()
 7 SYSTEMPATH\CodeIgniter.php(499): CodeIgniter\CodeIgniter->runController(Object(App\Controllers\C_Transaksi))
 8 SYSTEMPATH\CodeIgniter.php(368): CodeIgniter\CodeIgniter->handleRequest(null, Object(Config\Cache), false)
 9 FCPATH\index.php(67): CodeIgniter\CodeIgniter->run()
10 SYSTEMPATH\Commands\Server\rewrite.php(47): require_once('FCPATH\\index.php')
INFO - 2023-05-06 09:41:32 --> Session: Class initialized using 'CodeIgniter\Session\Handlers\FileHandler' driver.
ERROR - 2023-05-06 09:41:32 --> mysqli_sql_exception: Column 'nama' cannot be null in C:\xampp\htdocs\E-Commerce-Ci4\vendor\codeigniter4\framework\system\Database\MySQLi\Connection.php:295
Stack trace:
#0 C:\xampp\htdocs\E-Commerce-Ci4\vendor\codeigniter4\framework\system\Database\MySQLi\Connection.php(295): mysqli->query('INSERT INTO `tr...', 0)
#1 C:\xampp\htdocs\E-Commerce-Ci4\vendor\codeigniter4\framework\system\Database\BaseConnection.php(691): CodeIgniter\Database\MySQLi\Connection->execute('INSERT INTO `tr...')
#2 C:\xampp\htdocs\E-Commerce-Ci4\vendor\codeigniter4\framework\system\Database\BaseConnection.php(605): CodeIgniter\Database\BaseConnection->simpleQuery('INSERT INTO `tr...')
#3 C:\xampp\htdocs\E-Commerce-Ci4\vendor\codeigniter4\framework\system\Database\BaseBuilder.php(2309): CodeIgniter\Database\BaseConnection->query('INSERT INTO `tr...', Array, false)
#4 C:\xampp\htdocs\E-Commerce-Ci4\vendor\codeigniter4\framework\system\Model.php(330): CodeIgniter\Database\BaseBuilder->insert()
#5 C:\xampp\htdocs\E-Commerce-Ci4\vendor\codeigniter4\framework\system\BaseModel.php(782): CodeIgniter\Model->doInsert(Array)
#6 C:\xampp\htdocs\E-Commerce-Ci4\vendor\codeigniter4\framework\system\Model.php(730): CodeIgniter\BaseModel->insert(Array, true)
#7 C:\xampp\htdocs\E-Commerce-Ci4\app\Controllers\C_Transaksi.php(121): CodeIgniter\Model->insert(Array)
#8 C:\xampp\htdocs\E-Commerce-Ci4\vendor\codeigniter4\framework\system\CodeIgniter.php(934): App\Controllers\C_Transaksi->checkout()
#9 C:\xampp\htdocs\E-Commerce-Ci4\vendor\codeigniter4\framework\system\CodeIgniter.php(499): CodeIgniter\CodeIgniter->runController(Object(App\Controllers\C_Transaksi))
#10 C:\xampp\htdocs\E-Commerce-Ci4\vendor\codeigniter4\framework\system\CodeIgniter.php(368): CodeIgniter\CodeIgniter->handleRequest(NULL, Object(Config\Cache), false)
#11 C:\xampp\htdocs\E-Commerce-Ci4\public\index.php(67): CodeIgniter\CodeIgniter->run()
#12 C:\xampp\htdocs\E-Commerce-Ci4\vendor\codeigniter4\framework\system\Commands\Server\rewrite.php(47): require_once('C:\\xampp\\htdocs...')
#13 {main}
CRITICAL - 2023-05-06 09:41:32 --> Column 'nama' cannot be null
in SYSTEMPATH\Database\BaseConnection.php on line 645.
 1 SYSTEMPATH\Database\BaseBuilder.php(2309): CodeIgniter\Database\BaseConnection->query('INSERT INTO `transaksipjl` (`nama`, `hp`, `alamat`, `kota`, `kecamatan`, `total`) VALUES (:nama:, :hp:, :alamat:, :kota:, :kecamatan:, :total:)', [...], false)
 2 SYSTEMPATH\Model.php(330): CodeIgniter\Database\BaseBuilder->insert()
 3 SYSTEMPATH\BaseModel.php(782): CodeIgniter\Model->doInsert([...])
 4 SYSTEMPATH\Model.php(730): CodeIgniter\BaseModel->insert([...], true)
 5 APPPATH\Controllers\C_Transaksi.php(121): CodeIgniter\Model->insert([...])
 6 SYSTEMPATH\CodeIgniter.php(934): App\Controllers\C_Transaksi->checkout()
 7 SYSTEMPATH\CodeIgniter.php(499): CodeIgniter\CodeIgniter->runController(Object(App\Controllers\C_Transaksi))
 8 SYSTEMPATH\CodeIgniter.php(368): CodeIgniter\CodeIgniter->handleRequest(null, Object(Config\Cache), false)
 9 FCPATH\index.php(67): CodeIgniter\CodeIgniter->run()
10 SYSTEMPATH\Commands\Server\rewrite.php(47): require_once('FCPATH\\index.php')
INFO - 2023-05-06 09:43:15 --> Session: Class initialized using 'CodeIgniter\Session\Handlers\FileHandler' driver.
ERROR - 2023-05-06 09:43:15 --> mysqli_sql_exception: Column 'nama' cannot be null in C:\xampp\htdocs\E-Commerce-Ci4\vendor\codeigniter4\framework\system\Database\MySQLi\Connection.php:295
Stack trace:
#0 C:\xampp\htdocs\E-Commerce-Ci4\vendor\codeigniter4\framework\system\Database\MySQLi\Connection.php(295): mysqli->query('INSERT INTO `tr...', 0)
#1 C:\xampp\htdocs\E-Commerce-Ci4\vendor\codeigniter4\framework\system\Database\BaseConnection.php(691): CodeIgniter\Database\MySQLi\Connection->execute('INSERT INTO `tr...')
#2 C:\xampp\htdocs\E-Commerce-Ci4\vendor\codeigniter4\framework\system\Database\BaseConnection.php(605): CodeIgniter\Database\BaseConnection->simpleQuery('INSERT INTO `tr...')
#3 C:\xampp\htdocs\E-Commerce-Ci4\vendor\codeigniter4\framework\system\Database\BaseBuilder.php(2309): CodeIgniter\Database\BaseConnection->query('INSERT INTO `tr...', Array, false)
#4 C:\xampp\htdocs\E-Commerce-Ci4\vendor\codeigniter4\framework\system\Model.php(330): CodeIgniter\Database\BaseBuilder->insert()
#5 C:\xampp\htdocs\E-Commerce-Ci4\vendor\codeigniter4\framework\system\BaseModel.php(782): CodeIgniter\Model->doInsert(Array)
#6 C:\xampp\htdocs\E-Commerce-Ci4\vendor\codeigniter4\framework\system\Model.php(730): CodeIgniter\BaseModel->insert(Array, true)
#7 C:\xampp\htdocs\E-Commerce-Ci4\app\Controllers\C_Transaksi.php(121): CodeIgniter\Model->insert(Array)
#8 C:\xampp\htdocs\E-Commerce-Ci4\vendor\codeigniter4\framework\system\CodeIgniter.php(934): App\Controllers\C_Transaksi->checkout()
#9 C:\xampp\htdocs\E-Commerce-Ci4\vendor\codeigniter4\framework\system\CodeIgniter.php(499): CodeIgniter\CodeIgniter->runController(Object(App\Controllers\C_Transaksi))
#10 C:\xampp\htdocs\E-Commerce-Ci4\vendor\codeigniter4\framework\system\CodeIgniter.php(368): CodeIgniter\CodeIgniter->handleRequest(NULL, Object(Config\Cache), false)
#11 C:\xampp\htdocs\E-Commerce-Ci4\public\index.php(67): CodeIgniter\CodeIgniter->run()
#12 C:\xampp\htdocs\E-Commerce-Ci4\vendor\codeigniter4\framework\system\Commands\Server\rewrite.php(47): require_once('C:\\xampp\\htdocs...')
#13 {main}
CRITICAL - 2023-05-06 09:43:15 --> Column 'nama' cannot be null
in SYSTEMPATH\Database\BaseConnection.php on line 645.
 1 SYSTEMPATH\Database\BaseBuilder.php(2309): CodeIgniter\Database\BaseConnection->query('INSERT INTO `transaksipjl` (`nama`, `hp`, `alamat`, `kota`, `kecamatan`, `total`) VALUES (:nama:, :hp:, :alamat:, :kota:, :kecamatan:, :total:)', [...], false)
 2 SYSTEMPATH\Model.php(330): CodeIgniter\Database\BaseBuilder->insert()
 3 SYSTEMPATH\BaseModel.php(782): CodeIgniter\Model->doInsert([...])
 4 SYSTEMPATH\Model.php(730): CodeIgniter\BaseModel->insert([...], true)
 5 APPPATH\Controllers\C_Transaksi.php(121): CodeIgniter\Model->insert([...])
 6 SYSTEMPATH\CodeIgniter.php(934): App\Controllers\C_Transaksi->checkout()
 7 SYSTEMPATH\CodeIgniter.php(499): CodeIgniter\CodeIgniter->runController(Object(App\Controllers\C_Transaksi))
 8 SYSTEMPATH\CodeIgniter.php(368): CodeIgniter\CodeIgniter->handleRequest(null, Object(Config\Cache), false)
 9 FCPATH\index.php(67): CodeIgniter\CodeIgniter->run()
10 SYSTEMPATH\Commands\Server\rewrite.php(47): require_once('FCPATH\\index.php')
INFO - 2023-05-06 09:45:32 --> Session: Class initialized using 'CodeIgniter\Session\Handlers\FileHandler' driver.
ERROR - 2023-05-06 09:45:32 --> mysqli_sql_exception: Column 'nama' cannot be null in C:\xampp\htdocs\E-Commerce-Ci4\vendor\codeigniter4\framework\system\Database\MySQLi\Connection.php:295
Stack trace:
#0 C:\xampp\htdocs\E-Commerce-Ci4\vendor\codeigniter4\framework\system\Database\MySQLi\Connection.php(295): mysqli->query('INSERT INTO `tr...', 0)
#1 C:\xampp\htdocs\E-Commerce-Ci4\vendor\codeigniter4\framework\system\Database\BaseConnection.php(691): CodeIgniter\Database\MySQLi\Connection->execute('INSERT INTO `tr...')
#2 C:\xampp\htdocs\E-Commerce-Ci4\vendor\codeigniter4\framework\system\Database\BaseConnection.php(605): CodeIgniter\Database\BaseConnection->simpleQuery('INSERT INTO `tr...')
#3 C:\xampp\htdocs\E-Commerce-Ci4\vendor\codeigniter4\framework\system\Database\BaseBuilder.php(2309): CodeIgniter\Database\BaseConnection->query('INSERT INTO `tr...', Array, false)
#4 C:\xampp\htdocs\E-Commerce-Ci4\vendor\codeigniter4\framework\system\Model.php(330): CodeIgniter\Database\BaseBuilder->insert()
#5 C:\xampp\htdocs\E-Commerce-Ci4\vendor\codeigniter4\framework\system\BaseModel.php(782): CodeIgniter\Model->doInsert(Array)
#6 C:\xampp\htdocs\E-Commerce-Ci4\vendor\codeigniter4\framework\system\Model.php(730): CodeIgniter\BaseModel->insert(Array, true)
#7 C:\xampp\htdocs\E-Commerce-Ci4\app\Controllers\C_Transaksi.php(121): CodeIgniter\Model->insert(Array)
#8 C:\xampp\htdocs\E-Commerce-Ci4\vendor\codeigniter4\framework\system\CodeIgniter.php(934): App\Controllers\C_Transaksi->checkout()
#9 C:\xampp\htdocs\E-Commerce-Ci4\vendor\codeigniter4\framework\system\CodeIgniter.php(499): CodeIgniter\CodeIgniter->runController(Object(App\Controllers\C_Transaksi))
#10 C:\xampp\htdocs\E-Commerce-Ci4\vendor\codeigniter4\framework\system\CodeIgniter.php(368): CodeIgniter\CodeIgniter->handleRequest(NULL, Object(Config\Cache), false)
#11 C:\xampp\htdocs\E-Commerce-Ci4\public\index.php(67): CodeIgniter\CodeIgniter->run()
#12 C:\xampp\htdocs\E-Commerce-Ci4\vendor\codeigniter4\framework\system\Commands\Server\rewrite.php(47): require_once('C:\\xampp\\htdocs...')
#13 {main}
CRITICAL - 2023-05-06 09:45:32 --> Column 'nama' cannot be null
in SYSTEMPATH\Database\BaseConnection.php on line 645.
 1 SYSTEMPATH\Database\BaseBuilder.php(2309): CodeIgniter\Database\BaseConnection->query('INSERT INTO `transaksipjl` (`nama`, `hp`, `alamat`, `kota`, `kecamatan`, `total`) VALUES (:nama:, :hp:, :alamat:, :kota:, :kecamatan:, :total:)', [...], false)
 2 SYSTEMPATH\Model.php(330): CodeIgniter\Database\BaseBuilder->insert()
 3 SYSTEMPATH\BaseModel.php(782): CodeIgniter\Model->doInsert([...])
 4 SYSTEMPATH\Model.php(730): CodeIgniter\BaseModel->insert([...], true)
 5 APPPATH\Controllers\C_Transaksi.php(121): CodeIgniter\Model->insert([...])
 6 SYSTEMPATH\CodeIgniter.php(934): App\Controllers\C_Transaksi->checkout()
 7 SYSTEMPATH\CodeIgniter.php(499): CodeIgniter\CodeIgniter->runController(Object(App\Controllers\C_Transaksi))
 8 SYSTEMPATH\CodeIgniter.php(368): CodeIgniter\CodeIgniter->handleRequest(null, Object(Config\Cache), false)
 9 FCPATH\index.php(67): CodeIgniter\CodeIgniter->run()
10 SYSTEMPATH\Commands\Server\rewrite.php(47): require_once('FCPATH\\index.php')
INFO - 2023-05-06 09:45:34 --> Session: Class initialized using 'CodeIgniter\Session\Handlers\FileHandler' driver.
ERROR - 2023-05-06 09:45:34 --> mysqli_sql_exception: Column 'nama' cannot be null in C:\xampp\htdocs\E-Commerce-Ci4\vendor\codeigniter4\framework\system\Database\MySQLi\Connection.php:295
Stack trace:
#0 C:\xampp\htdocs\E-Commerce-Ci4\vendor\codeigniter4\framework\system\Database\MySQLi\Connection.php(295): mysqli->query('INSERT INTO `tr...', 0)
#1 C:\xampp\htdocs\E-Commerce-Ci4\vendor\codeigniter4\framework\system\Database\BaseConnection.php(691): CodeIgniter\Database\MySQLi\Connection->execute('INSERT INTO `tr...')
#2 C:\xampp\htdocs\E-Commerce-Ci4\vendor\codeigniter4\framework\system\Database\BaseConnection.php(605): CodeIgniter\Database\BaseConnection->simpleQuery('INSERT INTO `tr...')
#3 C:\xampp\htdocs\E-Commerce-Ci4\vendor\codeigniter4\framework\system\Database\BaseBuilder.php(2309): CodeIgniter\Database\BaseConnection->query('INSERT INTO `tr...', Array, false)
#4 C:\xampp\htdocs\E-Commerce-Ci4\vendor\codeigniter4\framework\system\Model.php(330): CodeIgniter\Database\BaseBuilder->insert()
#5 C:\xampp\htdocs\E-Commerce-Ci4\vendor\codeigniter4\framework\system\BaseModel.php(782): CodeIgniter\Model->doInsert(Array)
#6 C:\xampp\htdocs\E-Commerce-Ci4\vendor\codeigniter4\framework\system\Model.php(730): CodeIgniter\BaseModel->insert(Array, true)
#7 C:\xampp\htdocs\E-Commerce-Ci4\app\Controllers\C_Transaksi.php(121): CodeIgniter\Model->insert(Array)
#8 C:\xampp\htdocs\E-Commerce-Ci4\vendor\codeigniter4\framework\system\CodeIgniter.php(934): App\Controllers\C_Transaksi->checkout()
#9 C:\xampp\htdocs\E-Commerce-Ci4\vendor\codeigniter4\framework\system\CodeIgniter.php(499): CodeIgniter\CodeIgniter->runController(Object(App\Controllers\C_Transaksi))
#10 C:\xampp\htdocs\E-Commerce-Ci4\vendor\codeigniter4\framework\system\CodeIgniter.php(368): CodeIgniter\CodeIgniter->handleRequest(NULL, Object(Config\Cache), false)
#11 C:\xampp\htdocs\E-Commerce-Ci4\public\index.php(67): CodeIgniter\CodeIgniter->run()
#12 C:\xampp\htdocs\E-Commerce-Ci4\vendor\codeigniter4\framework\system\Commands\Server\rewrite.php(47): require_once('C:\\xampp\\htdocs...')
#13 {main}
CRITICAL - 2023-05-06 09:45:34 --> Column 'nama' cannot be null
in SYSTEMPATH\Database\BaseConnection.php on line 645.
 1 SYSTEMPATH\Database\BaseBuilder.php(2309): CodeIgniter\Database\BaseConnection->query('INSERT INTO `transaksipjl` (`nama`, `hp`, `alamat`, `kota`, `kecamatan`, `total`) VALUES (:nama:, :hp:, :alamat:, :kota:, :kecamatan:, :total:)', [...], false)
 2 SYSTEMPATH\Model.php(330): CodeIgniter\Database\BaseBuilder->insert()
 3 SYSTEMPATH\BaseModel.php(782): CodeIgniter\Model->doInsert([...])
 4 SYSTEMPATH\Model.php(730): CodeIgniter\BaseModel->insert([...], true)
 5 APPPATH\Controllers\C_Transaksi.php(121): CodeIgniter\Model->insert([...])
 6 SYSTEMPATH\CodeIgniter.php(934): App\Controllers\C_Transaksi->checkout()
 7 SYSTEMPATH\CodeIgniter.php(499): CodeIgniter\CodeIgniter->runController(Object(App\Controllers\C_Transaksi))
 8 SYSTEMPATH\CodeIgniter.php(368): CodeIgniter\CodeIgniter->handleRequest(null, Object(Config\Cache), false)
 9 FCPATH\index.php(67): CodeIgniter\CodeIgniter->run()
10 SYSTEMPATH\Commands\Server\rewrite.php(47): require_once('FCPATH\\index.php')
INFO - 2023-05-06 09:45:37 --> Session: Class initialized using 'CodeIgniter\Session\Handlers\FileHandler' driver.
INFO - 2023-05-06 09:45:40 --> Session: Class initialized using 'CodeIgniter\Session\Handlers\FileHandler' driver.
INFO - 2023-05-06 09:46:23 --> Session: Class initialized using 'CodeIgniter\Session\Handlers\FileHandler' driver.
INFO - 2023-05-06 09:46:23 --> Session: Class initialized using 'CodeIgniter\Session\Handlers\FileHandler' driver.
INFO - 2023-05-06 09:46:42 --> Session: Class initialized using 'CodeIgniter\Session\Handlers\FileHandler' driver.
INFO - 2023-05-06 09:46:42 --> Session: Class initialized using 'CodeIgniter\Session\Handlers\FileHandler' driver.
INFO - 2023-05-06 09:47:02 --> Session: Class initialized using 'CodeIgniter\Session\Handlers\FileHandler' driver.
INFO - 2023-05-06 09:47:16 --> Session: Class initialized using 'CodeIgniter\Session\Handlers\FileHandler' driver.
INFO - 2023-05-06 09:47:16 --> Session: Class initialized using 'CodeIgniter\Session\Handlers\FileHandler' driver.
INFO - 2023-05-06 09:47:51 --> Session: Class initialized using 'CodeIgniter\Session\Handlers\FileHandler' driver.
INFO - 2023-05-06 09:47:51 --> Session: Class initialized using 'CodeIgniter\Session\Handlers\FileHandler' driver.
INFO - 2023-05-06 09:47:53 --> Session: Class initialized using 'CodeIgniter\Session\Handlers\FileHandler' driver.
INFO - 2023-05-06 09:48:48 --> Session: Class initialized using 'CodeIgniter\Session\Handlers\FileHandler' driver.
INFO - 2023-05-06 09:48:53 --> Session: Class initialized using 'CodeIgniter\Session\Handlers\FileHandler' driver.
INFO - 2023-05-06 09:48:53 --> Session: Class initialized using 'CodeIgniter\Session\Handlers\FileHandler' driver.
INFO - 2023-05-06 09:48:56 --> Session: Class initialized using 'CodeIgniter\Session\Handlers\FileHandler' driver.
INFO - 2023-05-06 09:49:53 --> Session: Class initialized using 'CodeIgniter\Session\Handlers\FileHandler' driver.
INFO - 2023-05-06 09:49:53 --> Session: Class initialized using 'CodeIgniter\Session\Handlers\FileHandler' driver.
